
----------------------------------- [[#0 iteration]] -----------------------------------
+---------+----------+--------------+-------------+--------------+-------------+-----+
|   Type  | OfFilter | FilterHeight | FilterWidth | StrideHeight | StrideWidth | Acc |
+---------+----------+--------------+-------------+--------------+-------------+-----+
| current |   512    |      3       |      5      |      2       |      2      | 0.0 |
|   best  |    0     |      0       |      0      |      0       |      0      | 0.0 |
|  worst  |    0     |      0       |      0      |      0       |      0      | 1.0 |
+---------+----------+--------------+-------------+--------------+-------------+-----+

--> [step] from state tensor([512.,   3.,   5.,   2.,   2.], device='cuda:0')
--> [step] action selected: idx5 act0 (none)
--> [step] to state tensor([512.,   3.,   5.,   2.,   2.], device='cuda:0')
--> [train] start
--> [test] acc: 0.1014
--> [reward] finished 0.1014
--> [loss] 0.5790137648582458

----------------------------------- [[#1 iteration]] -----------------------------------
+---------+----------+--------------+-------------+--------------+-------------+-----+
|   Type  | OfFilter | FilterHeight | FilterWidth | StrideHeight | StrideWidth | Acc |
+---------+----------+--------------+-------------+--------------+-------------+-----+
| current |   512    |      3       |      5      |      2       |      2      | 0.0 |
|   best  |    0     |      0       |      0      |      0       |      0      | 0.0 |
|  worst  |    0     |      0       |      0      |      0       |      0      | 1.0 |
+---------+----------+--------------+-------------+--------------+-------------+-----+

--> [step] from state tensor([512.,   3.,   5.,   2.,   2.], device='cuda:0')
--> [step] action selected: idx2 act0 (filter_width_sub)
--> [step] to state tensor([512.,   3.,   4.,   2.,   2.], device='cuda:0')
--> [train] start
--> [test] acc: 0.0966
--> [reward] finished 0.0966
--> [loss] 0.39606258273124695

----------------------------------- [[#1 iteration]] -----------------------------------
+---------+----------+--------------+-------------+--------------+-------------+-----+
|   Type  | OfFilter | FilterHeight | FilterWidth | StrideHeight | StrideWidth | Acc |
+---------+----------+--------------+-------------+--------------+-------------+-----+
| current |   512    |      3       |      5      |      2       |      2      | 0.0 |
|   best  |    0     |      0       |      0      |      0       |      0      | 0.0 |
|  worst  |    0     |      0       |      0      |      0       |      0      | 1.0 |
+---------+----------+--------------+-------------+--------------+-------------+-----+

--> [step] from state tensor([512.,   3.,   4.,   2.,   2.], device='cuda:0')
--> [step] action selected: idx3 act0 (stride_height_sub)
--> [step] to state tensor([512.,   3.,   4.,   1.,   2.], device='cuda:0')
--> [train] start
--> [test] acc: 0.1026
--> [reward] finished 0.1026
--> [loss] 0.3614795506000519

----------------------------------- [[#1 iteration]] -----------------------------------
+---------+----------+--------------+-------------+--------------+-------------+-----+
|   Type  | OfFilter | FilterHeight | FilterWidth | StrideHeight | StrideWidth | Acc |
+---------+----------+--------------+-------------+--------------+-------------+-----+
| current |   512    |      3       |      5      |      2       |      2      | 0.0 |
|   best  |    0     |      0       |      0      |      0       |      0      | 0.0 |
|  worst  |    0     |      0       |      0      |      0       |      0      | 1.0 |
+---------+----------+--------------+-------------+--------------+-------------+-----+

--> [step] from state tensor([512.,   3.,   4.,   1.,   2.], device='cuda:0')
--> [step] action selected: idx3 act1 (stride_height_add)
--> [step] to state tensor([512.,   3.,   4.,   2.,   2.], device='cuda:0')
--> [train] start
--> [test] acc: 0.1024
--> [reward] finished 0.1024
--> [loss] 0.3213067948818207

----------------------------------- [[#1 iteration]] -----------------------------------
+---------+----------+--------------+-------------+--------------+-------------+-----+
|   Type  | OfFilter | FilterHeight | FilterWidth | StrideHeight | StrideWidth | Acc |
+---------+----------+--------------+-------------+--------------+-------------+-----+
| current |   512    |      3       |      5      |      2       |      2      | 0.0 |
|   best  |    0     |      0       |      0      |      0       |      0      | 0.0 |
|  worst  |    0     |      0       |      0      |      0       |      0      | 1.0 |
+---------+----------+--------------+-------------+--------------+-------------+-----+

--> [step] from state tensor([512.,   3.,   4.,   2.,   2.], device='cuda:0')
--> [step] action selected: idx4 act1 (stride_width_add)
--> [step] to state tensor([512.,   3.,   4.,   2.,   3.], device='cuda:0')
--> [train] start
--> [test] acc: 0.0952
--> [reward] finished 0.0952
--> [loss] 0.26764798164367676

----------------------------------- [[#1 iteration]] -----------------------------------
+---------+----------+--------------+-------------+--------------+-------------+-----+
|   Type  | OfFilter | FilterHeight | FilterWidth | StrideHeight | StrideWidth | Acc |
+---------+----------+--------------+-------------+--------------+-------------+-----+
| current |   512    |      3       |      5      |      2       |      2      | 0.0 |
|   best  |    0     |      0       |      0      |      0       |      0      | 0.0 |
|  worst  |    0     |      0       |      0      |      0       |      0      | 1.0 |
+---------+----------+--------------+-------------+--------------+-------------+-----+

--> [step] from state tensor([512.,   3.,   4.,   2.,   3.], device='cuda:0')
--> [step] action selected: idx4 act1 (stride_width_add)
--> [step] to state tensor([512.,   3.,   4.,   2.,   4.], device='cuda:0')
--> [train] start
--> [test] acc: 0.1006
--> [reward] finished 0.1006
--> [loss] 0.2552884519100189

----------------------------------- [[#1 iteration]] -----------------------------------
+---------+----------+--------------+-------------+--------------+-------------+-----+
|   Type  | OfFilter | FilterHeight | FilterWidth | StrideHeight | StrideWidth | Acc |
+---------+----------+--------------+-------------+--------------+-------------+-----+
| current |   512    |      3       |      5      |      2       |      2      | 0.0 |
|   best  |    0     |      0       |      0      |      0       |      0      | 0.0 |
|  worst  |    0     |      0       |      0      |      0       |      0      | 1.0 |
+---------+----------+--------------+-------------+--------------+-------------+-----+

--> [step] from state tensor([512.,   3.,   4.,   2.,   4.], device='cuda:0')
--> [step] action selected: idx2 act0 (filter_width_sub)
--> [step] to state tensor([512.,   3.,   3.,   2.,   4.], device='cuda:0')
--> [train] start
--> [test] acc: 0.0955
--> [reward] finished 0.0955
--> [loss] 0.2181820571422577

----------------------------------- [[#1 iteration]] -----------------------------------
+---------+----------+--------------+-------------+--------------+-------------+-----+
|   Type  | OfFilter | FilterHeight | FilterWidth | StrideHeight | StrideWidth | Acc |
+---------+----------+--------------+-------------+--------------+-------------+-----+
| current |   512    |      3       |      5      |      2       |      2      | 0.0 |
|   best  |    0     |      0       |      0      |      0       |      0      | 0.0 |
|  worst  |    0     |      0       |      0      |      0       |      0      | 1.0 |
+---------+----------+--------------+-------------+--------------+-------------+-----+

--> [step] from state tensor([512.,   3.,   3.,   2.,   4.], device='cuda:0')
--> [step] action selected: idx5 act0 (none)
--> [step] to state tensor([512.,   3.,   3.,   2.,   4.], device='cuda:0')
--> [train] start
--> [test] acc: 0.1083
--> [reward] finished 0.1083
--> [loss] 0.23923249542713165

----------------------------------- [[#1 iteration]] -----------------------------------
+---------+----------+--------------+-------------+--------------+-------------+-----+
|   Type  | OfFilter | FilterHeight | FilterWidth | StrideHeight | StrideWidth | Acc |
+---------+----------+--------------+-------------+--------------+-------------+-----+
| current |   512    |      3       |      5      |      2       |      2      | 0.0 |
|   best  |    0     |      0       |      0      |      0       |      0      | 0.0 |
|  worst  |    0     |      0       |      0      |      0       |      0      | 1.0 |
+---------+----------+--------------+-------------+--------------+-------------+-----+

--> [step] from state tensor([512.,   3.,   3.,   2.,   4.], device='cuda:0')
--> [step] action selected: idx5 act0 (none)
--> [step] to state tensor([512.,   3.,   3.,   2.,   4.], device='cuda:0')
--> [train] start
--> [test] acc: 0.0985
--> [reward] finished 0.0985
--> [loss] 0.20794181525707245

----------------------------------- [[#1 iteration]] -----------------------------------
+---------+----------+--------------+-------------+--------------+-------------+-----+
|   Type  | OfFilter | FilterHeight | FilterWidth | StrideHeight | StrideWidth | Acc |
+---------+----------+--------------+-------------+--------------+-------------+-----+
| current |   512    |      3       |      5      |      2       |      2      | 0.0 |
|   best  |    0     |      0       |      0      |      0       |      0      | 0.0 |
|  worst  |    0     |      0       |      0      |      0       |      0      | 1.0 |
+---------+----------+--------------+-------------+--------------+-------------+-----+

--> [step] from state tensor([512.,   3.,   3.,   2.,   4.], device='cuda:0')
--> [step] action selected: idx2 act0 (filter_width_sub)
--> [step] to state tensor([512.,   3.,   2.,   2.,   4.], device='cuda:0')
--> [train] start
--> [test] acc: 0.107
--> [reward] finished 0.107
--> [loss] 0.22104398906230927

----------------------------------- [[#1 iteration]] -----------------------------------
+---------+----------+--------------+-------------+--------------+-------------+-----+
|   Type  | OfFilter | FilterHeight | FilterWidth | StrideHeight | StrideWidth | Acc |
+---------+----------+--------------+-------------+--------------+-------------+-----+
| current |   512    |      3       |      5      |      2       |      2      | 0.0 |
|   best  |    0     |      0       |      0      |      0       |      0      | 0.0 |
|  worst  |    0     |      0       |      0      |      0       |      0      | 1.0 |
+---------+----------+--------------+-------------+--------------+-------------+-----+

--> [step] from state tensor([512.,   3.,   2.,   2.,   4.], device='cuda:0')
--> [step] action selected: idx0 act1 (of_filter_add)
--> [step] to state tensor([544.,   3.,   2.,   2.,   4.], device='cuda:0')
--> [train] start
--> [test] acc: 0.0999
--> [reward] finished 0.0999
--> [loss] 0.2084244340658188

----------------------------------- [[#1 iteration]] -----------------------------------
+---------+----------+--------------+-------------+--------------+-------------+-----+
|   Type  | OfFilter | FilterHeight | FilterWidth | StrideHeight | StrideWidth | Acc |
+---------+----------+--------------+-------------+--------------+-------------+-----+
| current |   512    |      3       |      5      |      2       |      2      | 0.0 |
|   best  |    0     |      0       |      0      |      0       |      0      | 0.0 |
|  worst  |    0     |      0       |      0      |      0       |      0      | 1.0 |
+---------+----------+--------------+-------------+--------------+-------------+-----+

--> [step] from state tensor([544.,   3.,   2.,   2.,   4.], device='cuda:0')
--> [step] action selected: idx2 act0 (filter_width_sub)
--> [step] to state tensor([544.,   3.,   1.,   2.,   4.], device='cuda:0')
--> [train] start
--> [test] acc: 0.0973
--> [reward] finished 0.0973
--> [loss] 0.19161687791347504

----------------------------------- [[#1 iteration]] -----------------------------------
+---------+----------+--------------+-------------+--------------+-------------+-----+
|   Type  | OfFilter | FilterHeight | FilterWidth | StrideHeight | StrideWidth | Acc |
+---------+----------+--------------+-------------+--------------+-------------+-----+
| current |   512    |      3       |      5      |      2       |      2      | 0.0 |
|   best  |    0     |      0       |      0      |      0       |      0      | 0.0 |
|  worst  |    0     |      0       |      0      |      0       |      0      | 1.0 |
+---------+----------+--------------+-------------+--------------+-------------+-----+

--> [step] from state tensor([544.,   3.,   1.,   2.,   4.], device='cuda:0')
--> [step] action selected: idx1 act0 (filter_height_sub)
--> [step] to state tensor([544.,   2.,   1.,   2.,   4.], device='cuda:0')
--> [train] start
--> [test] acc: 0.0936
--> [reward] finished 0.0936
--> [loss] 0.18496838212013245

----------------------------------- [[#1 iteration]] -----------------------------------
+---------+----------+--------------+-------------+--------------+-------------+-----+
|   Type  | OfFilter | FilterHeight | FilterWidth | StrideHeight | StrideWidth | Acc |
+---------+----------+--------------+-------------+--------------+-------------+-----+
| current |   512    |      3       |      5      |      2       |      2      | 0.0 |
|   best  |    0     |      0       |      0      |      0       |      0      | 0.0 |
|  worst  |    0     |      0       |      0      |      0       |      0      | 1.0 |
+---------+----------+--------------+-------------+--------------+-------------+-----+

--> [step] from state tensor([544.,   2.,   1.,   2.,   4.], device='cuda:0')
--> [step] action selected: idx2 act0 (filter_width_sub)
--> [step] to state tensor([544.,   2.,   1.,   2.,   4.], device='cuda:0')
--> [train] start
--> [test] acc: 0.0994
--> [reward] finished 0.0994
--> [loss] 0.19781096279621124

----------------------------------- [[#1 iteration]] -----------------------------------
+---------+----------+--------------+-------------+--------------+-------------+-----+
|   Type  | OfFilter | FilterHeight | FilterWidth | StrideHeight | StrideWidth | Acc |
+---------+----------+--------------+-------------+--------------+-------------+-----+
| current |   512    |      3       |      5      |      2       |      2      | 0.0 |
|   best  |    0     |      0       |      0      |      0       |      0      | 0.0 |
|  worst  |    0     |      0       |      0      |      0       |      0      | 1.0 |
+---------+----------+--------------+-------------+--------------+-------------+-----+

--> [step] from state tensor([544.,   2.,   1.,   2.,   4.], device='cuda:0')
--> [step] action selected: idx1 act1 (filter_height_add)
--> [step] to state tensor([544.,   3.,   1.,   2.,   4.], device='cuda:0')
--> [train] start
--> [test] acc: 0.1081
--> [reward] finished 0.1081
--> [loss] 0.21895331144332886

----------------------------------- [[#1 iteration]] -----------------------------------
+---------+----------+--------------+-------------+--------------+-------------+-----+
|   Type  | OfFilter | FilterHeight | FilterWidth | StrideHeight | StrideWidth | Acc |
+---------+----------+--------------+-------------+--------------+-------------+-----+
| current |   512    |      3       |      5      |      2       |      2      | 0.0 |
|   best  |    0     |      0       |      0      |      0       |      0      | 0.0 |
|  worst  |    0     |      0       |      0      |      0       |      0      | 1.0 |
+---------+----------+--------------+-------------+--------------+-------------+-----+

--> [step] from state tensor([544.,   3.,   1.,   2.,   4.], device='cuda:0')
--> [step] action selected: idx4 act0 (stride_width_sub)
--> [step] to state tensor([544.,   3.,   1.,   2.,   3.], device='cuda:0')
--> [train] start
--> [test] acc: 0.0944
--> [reward] finished 0.0944
--> [loss] 0.1861286610364914

----------------------------------- [[#1 iteration]] -----------------------------------
+---------+----------+--------------+-------------+--------------+-------------+-----+
|   Type  | OfFilter | FilterHeight | FilterWidth | StrideHeight | StrideWidth | Acc |
+---------+----------+--------------+-------------+--------------+-------------+-----+
| current |   512    |      3       |      5      |      2       |      2      | 0.0 |
|   best  |    0     |      0       |      0      |      0       |      0      | 0.0 |
|  worst  |    0     |      0       |      0      |      0       |      0      | 1.0 |
+---------+----------+--------------+-------------+--------------+-------------+-----+

--> [step] from state tensor([544.,   3.,   1.,   2.,   3.], device='cuda:0')
--> [step] action selected: idx1 act0 (filter_height_sub)
--> [step] to state tensor([544.,   2.,   1.,   2.,   3.], device='cuda:0')
--> [train] start
--> [test] acc: 0.1038
--> [reward] finished 0.1038
--> [loss] 0.20796848833560944

----------------------------------- [[#1 iteration]] -----------------------------------
+---------+----------+--------------+-------------+--------------+-------------+-----+
|   Type  | OfFilter | FilterHeight | FilterWidth | StrideHeight | StrideWidth | Acc |
+---------+----------+--------------+-------------+--------------+-------------+-----+
| current |   512    |      3       |      5      |      2       |      2      | 0.0 |
|   best  |    0     |      0       |      0      |      0       |      0      | 0.0 |
|  worst  |    0     |      0       |      0      |      0       |      0      | 1.0 |
+---------+----------+--------------+-------------+--------------+-------------+-----+

--> [step] from state tensor([544.,   2.,   1.,   2.,   3.], device='cuda:0')
--> [step] action selected: idx5 act0 (none)
--> [step] to state tensor([544.,   2.,   1.,   2.,   3.], device='cuda:0')
--> [train] start
--> [test] acc: 0.1065
--> [reward] finished 0.1065
--> [loss] 0.21385930478572845

----------------------------------- [[#1 iteration]] -----------------------------------
+---------+----------+--------------+-------------+--------------+-------------+-----+
|   Type  | OfFilter | FilterHeight | FilterWidth | StrideHeight | StrideWidth | Acc |
+---------+----------+--------------+-------------+--------------+-------------+-----+
| current |   512    |      3       |      5      |      2       |      2      | 0.0 |
|   best  |    0     |      0       |      0      |      0       |      0      | 0.0 |
|  worst  |    0     |      0       |      0      |      0       |      0      | 1.0 |
+---------+----------+--------------+-------------+--------------+-------------+-----+

--> [step] from state tensor([544.,   2.,   1.,   2.,   3.], device='cuda:0')
--> [step] action selected: idx2 act1 (filter_width_add)
--> [step] to state tensor([544.,   2.,   2.,   2.,   3.], device='cuda:0')
--> [train] start
--> [test] acc: 0.0988
--> [reward] finished 0.0988
--> [loss] 0.19781802594661713

----------------------------------- [[#1 iteration]] -----------------------------------
+---------+----------+--------------+-------------+--------------+-------------+-----+
|   Type  | OfFilter | FilterHeight | FilterWidth | StrideHeight | StrideWidth | Acc |
+---------+----------+--------------+-------------+--------------+-------------+-----+
| current |   512    |      3       |      5      |      2       |      2      | 0.0 |
|   best  |    0     |      0       |      0      |      0       |      0      | 0.0 |
|  worst  |    0     |      0       |      0      |      0       |      0      | 1.0 |
+---------+----------+--------------+-------------+--------------+-------------+-----+

--> [step] from state tensor([544.,   2.,   2.,   2.,   3.], device='cuda:0')
--> [step] action selected: idx2 act1 (filter_width_add)
--> [step] to state tensor([544.,   2.,   3.,   2.,   3.], device='cuda:0')
--> [train] start
--> [test] acc: 0.108
--> [reward] finished 0.108
--> [loss] 0.22079862654209137

----------------------------------- [[#1 iteration]] -----------------------------------
+---------+----------+--------------+-------------+--------------+-------------+-----+
|   Type  | OfFilter | FilterHeight | FilterWidth | StrideHeight | StrideWidth | Acc |
+---------+----------+--------------+-------------+--------------+-------------+-----+
| current |   512    |      3       |      5      |      2       |      2      | 0.0 |
|   best  |    0     |      0       |      0      |      0       |      0      | 0.0 |
|  worst  |    0     |      0       |      0      |      0       |      0      | 1.0 |
+---------+----------+--------------+-------------+--------------+-------------+-----+

--> [step] from state tensor([544.,   2.,   3.,   2.,   3.], device='cuda:0')
--> [step] action selected: idx2 act1 (filter_width_add)
--> [step] to state tensor([544.,   2.,   4.,   2.,   3.], device='cuda:0')
--> [train] start
--> [test] acc: 0.092
--> [reward] finished 0.092
--> [loss] 0.18186497688293457

----------------------------------- [[#1 iteration]] -----------------------------------
+---------+----------+--------------+-------------+--------------+-------------+-----+
|   Type  | OfFilter | FilterHeight | FilterWidth | StrideHeight | StrideWidth | Acc |
+---------+----------+--------------+-------------+--------------+-------------+-----+
| current |   512    |      3       |      5      |      2       |      2      | 0.0 |
|   best  |    0     |      0       |      0      |      0       |      0      | 0.0 |
|  worst  |    0     |      0       |      0      |      0       |      0      | 1.0 |
+---------+----------+--------------+-------------+--------------+-------------+-----+

--> [step] from state tensor([544.,   2.,   4.,   2.,   3.], device='cuda:0')
--> [step] action selected: idx2 act1 (filter_width_add)
--> [step] to state tensor([544.,   2.,   5.,   2.,   3.], device='cuda:0')
--> [train] start
--> [test] acc: 0.105
--> [reward] finished 0.105
--> [loss] 0.21397927403450012

----------------------------------- [[#1 iteration]] -----------------------------------
+---------+----------+--------------+-------------+--------------+-------------+-----+
|   Type  | OfFilter | FilterHeight | FilterWidth | StrideHeight | StrideWidth | Acc |
+---------+----------+--------------+-------------+--------------+-------------+-----+
| current |   512    |      3       |      5      |      2       |      2      | 0.0 |
|   best  |    0     |      0       |      0      |      0       |      0      | 0.0 |
|  worst  |    0     |      0       |      0      |      0       |      0      | 1.0 |
+---------+----------+--------------+-------------+--------------+-------------+-----+

--> [step] from state tensor([544.,   2.,   5.,   2.,   3.], device='cuda:0')
--> [step] action selected: idx1 act1 (filter_height_add)
--> [step] to state tensor([544.,   3.,   5.,   2.,   3.], device='cuda:0')
--> [train] start
--> [test] acc: 0.1075
--> [reward] finished 0.1075
--> [loss] 0.217229425907135

----------------------------------- [[#1 iteration]] -----------------------------------
+---------+----------+--------------+-------------+--------------+-------------+-----+
|   Type  | OfFilter | FilterHeight | FilterWidth | StrideHeight | StrideWidth | Acc |
+---------+----------+--------------+-------------+--------------+-------------+-----+
| current |   512    |      3       |      5      |      2       |      2      | 0.0 |
|   best  |    0     |      0       |      0      |      0       |      0      | 0.0 |
|  worst  |    0     |      0       |      0      |      0       |      0      | 1.0 |
+---------+----------+--------------+-------------+--------------+-------------+-----+

--> [step] from state tensor([544.,   3.,   5.,   2.,   3.], device='cuda:0')
--> [step] action selected: idx1 act0 (filter_height_sub)
--> [step] to state tensor([544.,   2.,   5.,   2.,   3.], device='cuda:0')
--> [train] start
