
------------------------- [[#0 iteration]] -------------------------
############################## STABLE STATUS ##############################
+---------+----------+--------------+-------------+--------------+-------------+------------+
|   Type  | OfFilter | FilterHeight | FilterWidth | StrideHeight | StrideWidth |    Acc     |
+---------+----------+--------------+-------------+--------------+-------------+------------+
| current |   512    |      3       |      5      |      2       |      1      | 0.5 (last) |
|   best  |    0     |      0       |      0      |      0       |      0      |    0.0     |
|  worst  |    0     |      0       |      0      |      0       |      0      |    1.0     |
+---------+----------+--------------+-------------+--------------+-------------+------------+

--> [QTable] OfFilter (0 for Sub, 1 for Add)
+--------+---+---+
| Status | 0 | 1 |
+--------+---+---+
+--------+---+---+
--> [QTable] FilterHeight (0 for Sub, 1 for Add)
+--------+---+---+
| Status | 0 | 1 |
+--------+---+---+
+--------+---+---+
--> [QTable] FilterWidth (0 for Sub, 1 for Add)
+--------+---+---+
| Status | 0 | 1 |
+--------+---+---+
+--------+---+---+
--> [QTable] StrideHeight (0 for Sub, 1 for Add)
+--------+---+---+
| Status | 0 | 1 |
+--------+---+---+
+--------+---+---+
--> [QTable] StrideWidth (0 for Sub, 1 for Add)
+--------+---+---+
| Status | 0 | 1 |
+--------+---+---+
+--------+---+---+


------------------------- [[#0 iteration (param #0)]] -------------------------
parameter selected:  0
action:  0
+---------+----------+--------------+-------------+--------------+-------------+------------+
|   Type  | OfFilter | FilterHeight | FilterWidth | StrideHeight | StrideWidth |    Acc     |
+---------+----------+--------------+-------------+--------------+-------------+------------+
| current |   480    |      3       |      5      |      2       |      1      | 0.5 (last) |
|   best  |    0     |      0       |      0      |      0       |      0      |    0.0     |
|  worst  |    0     |      0       |      0      |      0       |      0      |    1.0     |
+---------+----------+--------------+-------------+--------------+-------------+------------+

--> [QTable] OfFilter (0 for Sub, 1 for Add)
+--------+-----+-----+
| Status |  0  |  1  |
+--------+-----+-----+
|  512   | 0.0 | 0.0 |
+--------+-----+-----+
--> [QTable] FilterHeight (0 for Sub, 1 for Add)
+--------+---+---+
| Status | 0 | 1 |
+--------+---+---+
+--------+---+---+
--> [QTable] FilterWidth (0 for Sub, 1 for Add)
+--------+---+---+
| Status | 0 | 1 |
+--------+---+---+
+--------+---+---+
--> [QTable] StrideHeight (0 for Sub, 1 for Add)
+--------+---+---+
| Status | 0 | 1 |
+--------+---+---+
+--------+---+---+
--> [QTable] StrideWidth (0 for Sub, 1 for Add)
+--------+---+---+
| Status | 0 | 1 |
+--------+---+---+
+--------+---+---+

--> [attention] a_t: tensor([[0.2805, 0.1831, 0.1727, 0.1155, 0.2483]], device='cuda:0')
--> [lstm] done
--> [train] start
[Epoch 3] loss: 4.876953426376938 acc: 0.6315
[Epoch 7] loss: 3.3536653540018575 acc: 0.672
[Epoch 11] loss: 2.5419334016187722 acc: 0.693
[Epoch 15] loss: 1.885709351285949 acc: 0.7013
[Epoch 19] loss: 1.3835514030416909 acc: 0.7028
[Epoch 23] loss: 1.0439589746925226 acc: 0.7034
[Epoch 27] loss: 0.8150773760017074 acc: 0.7041
[Epoch 31] loss: 0.6782752106923734 acc: 0.71
[Epoch 35] loss: 0.5839389329942901 acc: 0.6993
[Epoch 39] loss: 0.5294586544156151 acc: 0.7045
[Epoch 43] loss: 0.47257684844800885 acc: 0.7007
[Epoch 47] loss: 0.43105711206279296 acc: 0.701
[Epoch 51] loss: 0.4038285577379148 acc: 0.7019
[Epoch 55] loss: 0.37335566301470446 acc: 0.7026
[Epoch 59] loss: 0.352910019226296 acc: 0.6998
[Epoch 63] loss: 0.3369511197109128 acc: 0.7037
[Epoch 67] loss: 0.32076962789058533 acc: 0.6998
[Epoch 71] loss: 0.3049678795582727 acc: 0.7028
--> [train] finish
--> [test] acc: 0.7121
--> [reward] reward: 0.21209999999999996

------------------------- [[#0 iteration (param #1)]] -------------------------
parameter selected:  1
action:  1
+---------+----------+--------------+-------------+--------------+-------------+------------+
|   Type  | OfFilter | FilterHeight | FilterWidth | StrideHeight | StrideWidth |    Acc     |
+---------+----------+--------------+-------------+--------------+-------------+------------+
| current |   512    |      4       |      5      |      2       |      1      | 0.5 (last) |
|   best  |   480    |      3       |      5      |      2       |      1      |   0.7121   |
|  worst  |   480    |      3       |      5      |      2       |      1      |   0.7121   |
+---------+----------+--------------+-------------+--------------+-------------+------------+

--> [QTable] OfFilter (0 for Sub, 1 for Add)
+--------+---------------------+-----+
| Status |          0          |  1  |
+--------+---------------------+-----+
|  512   | 0.16967999999999997 | 0.0 |
|  480   |         0.0         | 0.0 |
+--------+---------------------+-----+
--> [QTable] FilterHeight (0 for Sub, 1 for Add)
+--------+-----+-----+
| Status |  0  |  1  |
+--------+-----+-----+
|   3    | 0.0 | 0.0 |
+--------+-----+-----+
--> [QTable] FilterWidth (0 for Sub, 1 for Add)
+--------+---+---+
| Status | 0 | 1 |
+--------+---+---+
+--------+---+---+
--> [QTable] StrideHeight (0 for Sub, 1 for Add)
+--------+---+---+
| Status | 0 | 1 |
+--------+---+---+
+--------+---+---+
--> [QTable] StrideWidth (0 for Sub, 1 for Add)
+--------+---+---+
| Status | 0 | 1 |
+--------+---+---+
+--------+---+---+

--> [attention] a_t: tensor([[0.2805, 0.1831, 0.1727, 0.1155, 0.2483]], device='cuda:0')
--> [lstm] done
--> [train] start
[Epoch 3] loss: 4.353576055573075 acc: 0.6861
[Epoch 7] loss: 2.8295976377814016 acc: 0.7162
[Epoch 11] loss: 1.9840216714784007 acc: 0.7287
[Epoch 15] loss: 1.3463329864318108 acc: 0.7329
[Epoch 19] loss: 0.9315820638747776 acc: 0.7344
[Epoch 23] loss: 0.6934670344795413 acc: 0.7373
[Epoch 27] loss: 0.554107369578746 acc: 0.7394
[Epoch 31] loss: 0.45997039350154606 acc: 0.734
[Epoch 35] loss: 0.40215016117848246 acc: 0.7431
[Epoch 39] loss: 0.3630801414322975 acc: 0.7394
[Epoch 43] loss: 0.3342908027503268 acc: 0.7392
[Epoch 47] loss: 0.3055419770529127 acc: 0.7377
[Epoch 51] loss: 0.28664456927420007 acc: 0.7437
[Epoch 55] loss: 0.26568559140367126 acc: 0.7357
[Epoch 59] loss: 0.25265177130422856 acc: 0.7411
[Epoch 63] loss: 0.2381133955386479 acc: 0.7342
[Epoch 67] loss: 0.22802975194057082 acc: 0.7409
[Epoch 71] loss: 0.21276333791387203 acc: 0.7403
--> [train] finish
--> [test] acc: 0.7434
--> [reward] reward: 0.24339999999999995

------------------------- [[#0 iteration (param #2)]] -------------------------
parameter selected:  2
action:  0
+---------+----------+--------------+-------------+--------------+-------------+------------+
|   Type  | OfFilter | FilterHeight | FilterWidth | StrideHeight | StrideWidth |    Acc     |
+---------+----------+--------------+-------------+--------------+-------------+------------+
| current |   512    |      3       |      4      |      2       |      1      | 0.5 (last) |
|   best  |   512    |      4       |      5      |      2       |      1      |   0.7434   |
|  worst  |   480    |      3       |      5      |      2       |      1      |   0.7121   |
+---------+----------+--------------+-------------+--------------+-------------+------------+

--> [QTable] OfFilter (0 for Sub, 1 for Add)
+--------+---------------------+-----+
| Status |          0          |  1  |
+--------+---------------------+-----+
|  512   | 0.16967999999999997 | 0.0 |
|  480   |         0.0         | 0.0 |
+--------+---------------------+-----+
--> [QTable] FilterHeight (0 for Sub, 1 for Add)
+--------+-----+---------------------+
| Status |  0  |          1          |
+--------+-----+---------------------+
|   3    | 0.0 | 0.19471999999999998 |
|   4    | 0.0 |         0.0         |
+--------+-----+---------------------+
--> [QTable] FilterWidth (0 for Sub, 1 for Add)
+--------+-----+-----+
| Status |  0  |  1  |
+--------+-----+-----+
|   5    | 0.0 | 0.0 |
+--------+-----+-----+
--> [QTable] StrideHeight (0 for Sub, 1 for Add)
+--------+---+---+
| Status | 0 | 1 |
+--------+---+---+
+--------+---+---+
--> [QTable] StrideWidth (0 for Sub, 1 for Add)
+--------+---+---+
| Status | 0 | 1 |
+--------+---+---+
+--------+---+---+

--> [attention] a_t: tensor([[0.2805, 0.1831, 0.1727, 0.1155, 0.2483]], device='cuda:0')
--> [lstm] done
--> [train] start
[Epoch 3] loss: 4.953659665096751 acc: 0.6321
[Epoch 7] loss: 3.5119831568139896 acc: 0.6664
[Epoch 11] loss: 2.705481212004981 acc: 0.6863
[Epoch 15] loss: 2.045878243720745 acc: 0.688
[Epoch 19] loss: 1.5294912441459763 acc: 0.6912
[Epoch 23] loss: 1.1585954195245758 acc: 0.696
[Epoch 27] loss: 0.9320127166559934 acc: 0.696
[Epoch 31] loss: 0.7731008756229335 acc: 0.693
[Epoch 35] loss: 0.6586709372470598 acc: 0.6891
[Epoch 39] loss: 0.5809238133928203 acc: 0.6908
[Epoch 43] loss: 0.5340776060233869 acc: 0.6896
[Epoch 47] loss: 0.4807736393292923 acc: 0.6857
[Epoch 51] loss: 0.4474235942296665 acc: 0.6941
[Epoch 55] loss: 0.4145877297081606 acc: 0.6853
[Epoch 59] loss: 0.3951154926034343 acc: 0.6879
[Epoch 63] loss: 0.37473974922848174 acc: 0.7004
[Epoch 67] loss: 0.35076351106986214 acc: 0.6879
[Epoch 71] loss: 0.3338299189501292 acc: 0.6898
--> [train] finish
--> [test] acc: 0.6887
--> [reward] reward: 0.18869999999999998

------------------------- [[#0 iteration (param #3)]] -------------------------
parameter selected:  3
action:  1
+---------+----------+--------------+-------------+--------------+-------------+------------+
|   Type  | OfFilter | FilterHeight | FilterWidth | StrideHeight | StrideWidth |    Acc     |
+---------+----------+--------------+-------------+--------------+-------------+------------+
| current |   512    |      3       |      5      |      3       |      1      | 0.5 (last) |
|   best  |   512    |      4       |      5      |      2       |      1      |   0.7434   |
|  worst  |   512    |      3       |      4      |      2       |      1      |   0.6887   |
+---------+----------+--------------+-------------+--------------+-------------+------------+

--> [QTable] OfFilter (0 for Sub, 1 for Add)
+--------+---------------------+-----+
| Status |          0          |  1  |
+--------+---------------------+-----+
|  512   | 0.16967999999999997 | 0.0 |
|  480   |         0.0         | 0.0 |
+--------+---------------------+-----+
--> [QTable] FilterHeight (0 for Sub, 1 for Add)
+--------+-----+---------------------+
| Status |  0  |          1          |
+--------+-----+---------------------+
|   3    | 0.0 | 0.19471999999999998 |
|   4    | 0.0 |         0.0         |
+--------+-----+---------------------+
--> [QTable] FilterWidth (0 for Sub, 1 for Add)
+--------+---------------------+-----+
| Status |          0          |  1  |
+--------+---------------------+-----+
|   5    | 0.15095999999999998 | 0.0 |
|   4    |         0.0         | 0.0 |
+--------+---------------------+-----+
--> [QTable] StrideHeight (0 for Sub, 1 for Add)
+--------+-----+-----+
| Status |  0  |  1  |
+--------+-----+-----+
|   2    | 0.0 | 0.0 |
+--------+-----+-----+
--> [QTable] StrideWidth (0 for Sub, 1 for Add)
+--------+---+---+
| Status | 0 | 1 |
+--------+---+---+
+--------+---+---+

--> [attention] a_t: tensor([[0.2805, 0.1831, 0.1727, 0.1155, 0.2483]], device='cuda:0')
--> [lstm] done
--> [train] start
[Epoch 3] loss: 4.5986447024833215 acc: 0.6579
[Epoch 7] loss: 3.13356807378247 acc: 0.7003
[Epoch 11] loss: 2.33490164581772 acc: 0.712
[Epoch 15] loss: 1.7102798468164166 acc: 0.7297
[Epoch 19] loss: 1.2468172592275284 acc: 0.7192
[Epoch 23] loss: 0.9265113598131158 acc: 0.7264
[Epoch 27] loss: 0.7233343057124816 acc: 0.723
[Epoch 31] loss: 0.6073758403539581 acc: 0.7272
[Epoch 35] loss: 0.5135413507128235 acc: 0.7327
[Epoch 39] loss: 0.4706547606374373 acc: 0.7261
[Epoch 43] loss: 0.40746723682812563 acc: 0.7298
[Epoch 47] loss: 0.3932316683547195 acc: 0.728
[Epoch 51] loss: 0.35298393768927705 acc: 0.7279
[Epoch 55] loss: 0.33530536172030223 acc: 0.7306
[Epoch 59] loss: 0.32216220965747105 acc: 0.7318
[Epoch 63] loss: 0.29478188562433205 acc: 0.7223
[Epoch 67] loss: 0.2823835428175338 acc: 0.7244
[Epoch 71] loss: 0.2690527634814267 acc: 0.7268
--> [train] finish
--> [test] acc: 0.7288
--> [reward] reward: 0.2288

------------------------- [[#0 iteration (param #4)]] -------------------------
parameter selected:  4
action:  1
+---------+----------+--------------+-------------+--------------+-------------+------------+
|   Type  | OfFilter | FilterHeight | FilterWidth | StrideHeight | StrideWidth |    Acc     |
+---------+----------+--------------+-------------+--------------+-------------+------------+
| current |   512    |      3       |      5      |      2       |      2      | 0.5 (last) |
|   best  |   512    |      4       |      5      |      2       |      1      |   0.7434   |
|  worst  |   512    |      3       |      4      |      2       |      1      |   0.6887   |
+---------+----------+--------------+-------------+--------------+-------------+------------+

--> [QTable] OfFilter (0 for Sub, 1 for Add)
+--------+---------------------+-----+
| Status |          0          |  1  |
+--------+---------------------+-----+
|  512   | 0.16967999999999997 | 0.0 |
|  480   |         0.0         | 0.0 |
+--------+---------------------+-----+
--> [QTable] FilterHeight (0 for Sub, 1 for Add)
+--------+-----+---------------------+
| Status |  0  |          1          |
+--------+-----+---------------------+
|   3    | 0.0 | 0.19471999999999998 |
|   4    | 0.0 |         0.0         |
+--------+-----+---------------------+
--> [QTable] FilterWidth (0 for Sub, 1 for Add)
+--------+---------------------+-----+
| Status |          0          |  1  |
+--------+---------------------+-----+
|   5    | 0.15095999999999998 | 0.0 |
|   4    |         0.0         | 0.0 |
+--------+---------------------+-----+
--> [QTable] StrideHeight (0 for Sub, 1 for Add)
+--------+-----+---------+
| Status |  0  |    1    |
+--------+-----+---------+
|   2    | 0.0 | 0.18304 |
|   3    | 0.0 |   0.0   |
+--------+-----+---------+
--> [QTable] StrideWidth (0 for Sub, 1 for Add)
+--------+-----+-----+
| Status |  0  |  1  |
+--------+-----+-----+
|   1    | 0.0 | 0.0 |
+--------+-----+-----+

--> [attention] a_t: tensor([[0.2805, 0.1831, 0.1727, 0.1155, 0.2483]], device='cuda:0')
--> [lstm] done
--> [train] start
[Epoch 3] loss: 4.991452375641259 acc: 0.6109
[Epoch 7] loss: 3.48754659485634 acc: 0.6536
[Epoch 11] loss: 2.605968801642928 acc: 0.6733
[Epoch 15] loss: 1.8746390251628577 acc: 0.676
[Epoch 19] loss: 1.353346427650098 acc: 0.6748
[Epoch 23] loss: 1.013593216324249 acc: 0.6805
[Epoch 27] loss: 0.809856524895829 acc: 0.6706
[Epoch 31] loss: 0.6874767093421401 acc: 0.6724
[Epoch 35] loss: 0.5985857773276851 acc: 0.6751
[Epoch 39] loss: 0.5302918697933635 acc: 0.6698
[Epoch 43] loss: 0.4793916688684155 acc: 0.6774
[Epoch 47] loss: 0.4421790139916379 acc: 0.6794
[Epoch 51] loss: 0.4191069033644769 acc: 0.6737
[Epoch 55] loss: 0.39139315570511707 acc: 0.6672
[Epoch 59] loss: 0.36485838659269654 acc: 0.6684
[Epoch 63] loss: 0.3531490500154131 acc: 0.6759
[Epoch 67] loss: 0.3285327094542744 acc: 0.6759
[Epoch 71] loss: 0.3132365478269394 acc: 0.674
--> [train] finish
--> [test] acc: 0.6731
--> [reward] reward: 0.17310000000000003
--> [learn] controller loss: f1.6280754804611206
+---------+----------+--------------+-------------+--------------+-------------+------------+
|   Type  | OfFilter | FilterHeight | FilterWidth | StrideHeight | StrideWidth |    Acc     |
+---------+----------+--------------+-------------+--------------+-------------+------------+
| current |   512    |      3       |      5      |      2       |      1      | 0.5 (last) |
|   best  |   512    |      4       |      5      |      2       |      1      |   0.7434   |
|  worst  |   512    |      3       |      5      |      2       |      2      |   0.6731   |
+---------+----------+--------------+-------------+--------------+-------------+------------+

--> [QTable] OfFilter (0 for Sub, 1 for Add)
+--------+---------------------+-----+
| Status |          0          |  1  |
+--------+---------------------+-----+
|  512   | 0.16967999999999997 | 0.0 |
|  480   |         0.0         | 0.0 |
+--------+---------------------+-----+
--> [QTable] FilterHeight (0 for Sub, 1 for Add)
+--------+-----+---------------------+
| Status |  0  |          1          |
+--------+-----+---------------------+
|   3    | 0.0 | 0.19471999999999998 |
|   4    | 0.0 |         0.0         |
+--------+-----+---------------------+
--> [QTable] FilterWidth (0 for Sub, 1 for Add)
+--------+---------------------+-----+
| Status |          0          |  1  |
+--------+---------------------+-----+
|   5    | 0.15095999999999998 | 0.0 |
|   4    |         0.0         | 0.0 |
+--------+---------------------+-----+
--> [QTable] StrideHeight (0 for Sub, 1 for Add)
+--------+-----+---------+
| Status |  0  |    1    |
+--------+-----+---------+
|   2    | 0.0 | 0.18304 |
|   3    | 0.0 |   0.0   |
+--------+-----+---------+
--> [QTable] StrideWidth (0 for Sub, 1 for Add)
+--------+-----+---------------------+
| Status |  0  |          1          |
+--------+-----+---------------------+
|   1    | 0.0 | 0.13848000000000002 |
|   2    | 0.0 |         0.0         |
+--------+-----+---------------------+

parameter selected:  1
action:  1
+---------+----------+--------------+-------------+--------------+-------------+------------+
|   Type  | OfFilter | FilterHeight | FilterWidth | StrideHeight | StrideWidth |    Acc     |
+---------+----------+--------------+-------------+--------------+-------------+------------+
| current |   512    |      4       |      5      |      2       |      1      | 0.5 (last) |
|   best  |   512    |      4       |      5      |      2       |      1      |   0.7434   |
|  worst  |   512    |      3       |      5      |      2       |      2      |   0.6731   |
+---------+----------+--------------+-------------+--------------+-------------+------------+

--> [QTable] OfFilter (0 for Sub, 1 for Add)
+--------+---------------------+-----+
| Status |          0          |  1  |
+--------+---------------------+-----+
|  512   | 0.16967999999999997 | 0.0 |
|  480   |         0.0         | 0.0 |
+--------+---------------------+-----+
--> [QTable] FilterHeight (0 for Sub, 1 for Add)
+--------+-----+---------------------+
| Status |  0  |          1          |
+--------+-----+---------------------+
|   3    | 0.0 | 0.19471999999999998 |
|   4    | 0.0 |         0.0         |
+--------+-----+---------------------+
--> [QTable] FilterWidth (0 for Sub, 1 for Add)
+--------+---------------------+-----+
| Status |          0          |  1  |
+--------+---------------------+-----+
|   5    | 0.15095999999999998 | 0.0 |
|   4    |         0.0         | 0.0 |
+--------+---------------------+-----+
--> [QTable] StrideHeight (0 for Sub, 1 for Add)
+--------+-----+---------+
| Status |  0  |    1    |
+--------+-----+---------+
|   2    | 0.0 | 0.18304 |
|   3    | 0.0 |   0.0   |
+--------+-----+---------+
--> [QTable] StrideWidth (0 for Sub, 1 for Add)
+--------+-----+---------------------+
| Status |  0  |          1          |
+--------+-----+---------------------+
|   1    | 0.0 | 0.13848000000000002 |
|   2    | 0.0 |         0.0         |
+--------+-----+---------------------+

--> [attention] a_t: tensor([[0.0025, 0.9926, 0.0016, 0.0010, 0.0022]], device='cuda:0')
--> [lstm] done
--> [train] start
[Epoch 3] loss: 4.325079929340831 acc: 0.6797
[Epoch 7] loss: 2.772606979245725 acc: 0.7123
[Epoch 11] loss: 1.9156515639456337 acc: 0.7283
[Epoch 15] loss: 1.293054380647057 acc: 0.7395
[Epoch 19] loss: 0.8998992442703613 acc: 0.7365
[Epoch 23] loss: 0.6726063511065205 acc: 0.7318
[Epoch 27] loss: 0.5245290099812285 acc: 0.7381
[Epoch 31] loss: 0.450669391083119 acc: 0.7407
[Epoch 35] loss: 0.38905285598943606 acc: 0.7496
[Epoch 39] loss: 0.35210947443723983 acc: 0.7413
[Epoch 43] loss: 0.3202069150021924 acc: 0.7366
[Epoch 47] loss: 0.2978997031069549 acc: 0.7507
[Epoch 51] loss: 0.27852236782021994 acc: 0.7432
[Epoch 55] loss: 0.2571413557300025 acc: 0.7425
[Epoch 59] loss: 0.252130997514881 acc: 0.7358
[Epoch 63] loss: 0.22965858668527184 acc: 0.7347
[Epoch 67] loss: 0.22325238077413015 acc: 0.7384
[Epoch 71] loss: 0.21298486093187805 acc: 0.7445
--> [train] finish
--> [test] acc: 0.7463

------------------------- [[#1 iteration]] -------------------------
############################## STABLE STATUS ##############################
+---------+----------+--------------+-------------+--------------+-------------+---------------+
|   Type  | OfFilter | FilterHeight | FilterWidth | StrideHeight | StrideWidth |      Acc      |
+---------+----------+--------------+-------------+--------------+-------------+---------------+
| current |   512    |      4       |      5      |      2       |      1      | 0.7463 (last) |
|   best  |   512    |      4       |      5      |      2       |      1      |     0.7463    |
|  worst  |   512    |      3       |      5      |      2       |      2      |     0.6731    |
+---------+----------+--------------+-------------+--------------+-------------+---------------+

--> [QTable] OfFilter (0 for Sub, 1 for Add)
+--------+---------------------+-----+
| Status |          0          |  1  |
+--------+---------------------+-----+
|  512   | 0.16967999999999997 | 0.0 |
|  480   |         0.0         | 0.0 |
+--------+---------------------+-----+
--> [QTable] FilterHeight (0 for Sub, 1 for Add)
+--------+-----+---------------------+
| Status |  0  |          1          |
+--------+-----+---------------------+
|   3    | 0.0 | 0.19471999999999998 |
|   4    | 0.0 |         0.0         |
+--------+-----+---------------------+
--> [QTable] FilterWidth (0 for Sub, 1 for Add)
+--------+---------------------+-----+
| Status |          0          |  1  |
+--------+---------------------+-----+
|   5    | 0.15095999999999998 | 0.0 |
|   4    |         0.0         | 0.0 |
+--------+---------------------+-----+
--> [QTable] StrideHeight (0 for Sub, 1 for Add)
+--------+-----+---------+
| Status |  0  |    1    |
+--------+-----+---------+
|   2    | 0.0 | 0.18304 |
|   3    | 0.0 |   0.0   |
+--------+-----+---------+
--> [QTable] StrideWidth (0 for Sub, 1 for Add)
+--------+-----+---------------------+
| Status |  0  |          1          |
+--------+-----+---------------------+
|   1    | 0.0 | 0.13848000000000002 |
|   2    | 0.0 |         0.0         |
+--------+-----+---------------------+


------------------------- [[#1 iteration (param #0)]] -------------------------
parameter selected:  0
action:  0
+---------+----------+--------------+-------------+--------------+-------------+---------------+
|   Type  | OfFilter | FilterHeight | FilterWidth | StrideHeight | StrideWidth |      Acc      |
+---------+----------+--------------+-------------+--------------+-------------+---------------+
| current |   480    |      4       |      5      |      2       |      1      | 0.7463 (last) |
|   best  |   512    |      4       |      5      |      2       |      1      |     0.7463    |
|  worst  |   512    |      3       |      5      |      2       |      2      |     0.6731    |
+---------+----------+--------------+-------------+--------------+-------------+---------------+

--> [QTable] OfFilter (0 for Sub, 1 for Add)
+--------+---------------------+-----+
| Status |          0          |  1  |
+--------+---------------------+-----+
|  512   | 0.16967999999999997 | 0.0 |
|  480   |         0.0         | 0.0 |
+--------+---------------------+-----+
--> [QTable] FilterHeight (0 for Sub, 1 for Add)
+--------+-----+---------------------+
| Status |  0  |          1          |
+--------+-----+---------------------+
|   3    | 0.0 | 0.19471999999999998 |
|   4    | 0.0 |         0.0         |
+--------+-----+---------------------+
--> [QTable] FilterWidth (0 for Sub, 1 for Add)
+--------+---------------------+-----+
| Status |          0          |  1  |
+--------+---------------------+-----+
|   5    | 0.15095999999999998 | 0.0 |
|   4    |         0.0         | 0.0 |
+--------+---------------------+-----+
--> [QTable] StrideHeight (0 for Sub, 1 for Add)
+--------+-----+---------+
| Status |  0  |    1    |
+--------+-----+---------+
|   2    | 0.0 | 0.18304 |
|   3    | 0.0 |   0.0   |
+--------+-----+---------+
--> [QTable] StrideWidth (0 for Sub, 1 for Add)
+--------+-----+---------------------+
| Status |  0  |          1          |
+--------+-----+---------------------+
|   1    | 0.0 | 0.13848000000000002 |
|   2    | 0.0 |         0.0         |
+--------+-----+---------------------+

--> [attention] a_t: tensor([[0.0025, 0.9926, 0.0016, 0.0010, 0.0022]], device='cuda:0')
--> [lstm] done
--> [train] start
[Epoch 3] loss: 4.348408396439174 acc: 0.6743
[Epoch 7] loss: 2.7980943542459737 acc: 0.7115
[Epoch 11] loss: 1.9661910057525196 acc: 0.7283
[Epoch 15] loss: 1.3398604558023346 acc: 0.7414
[Epoch 19] loss: 0.9300600009424912 acc: 0.7353
[Epoch 23] loss: 0.6872654083992362 acc: 0.7449
[Epoch 27] loss: 0.548314714704252 acc: 0.7431
[Epoch 31] loss: 0.46600412629316074 acc: 0.7408
[Epoch 35] loss: 0.40731314970823507 acc: 0.7416
[Epoch 39] loss: 0.3677085388447051 acc: 0.7408
[Epoch 43] loss: 0.3380105854810008 acc: 0.7391
[Epoch 47] loss: 0.3106218830937201 acc: 0.7362
[Epoch 51] loss: 0.2850508245632357 acc: 0.7453
[Epoch 55] loss: 0.27201568296231576 acc: 0.7455
[Epoch 59] loss: 0.25255400701271147 acc: 0.7442
[Epoch 63] loss: 0.24041115399688254 acc: 0.7384
[Epoch 67] loss: 0.230958660416629 acc: 0.7525
[Epoch 71] loss: 0.2195431035407402 acc: 0.7394
--> [train] finish
--> [test] acc: 0.7455
--> [reward] reward: -0.0007999999999999119

------------------------- [[#1 iteration (param #1)]] -------------------------
parameter selected:  1
action:  1
+---------+----------+--------------+-------------+--------------+-------------+---------------+
|   Type  | OfFilter | FilterHeight | FilterWidth | StrideHeight | StrideWidth |      Acc      |
+---------+----------+--------------+-------------+--------------+-------------+---------------+
| current |   512    |      5       |      5      |      2       |      1      | 0.7463 (last) |
|   best  |   512    |      4       |      5      |      2       |      1      |     0.7463    |
|  worst  |   512    |      3       |      5      |      2       |      2      |     0.6731    |
+---------+----------+--------------+-------------+--------------+-------------+---------------+

--> [QTable] OfFilter (0 for Sub, 1 for Add)
+--------+---------------------+-----+
| Status |          0          |  1  |
+--------+---------------------+-----+
|  512   | 0.03329600000000005 | 0.0 |
|  480   |         0.0         | 0.0 |
+--------+---------------------+-----+
--> [QTable] FilterHeight (0 for Sub, 1 for Add)
+--------+-----+---------------------+
| Status |  0  |          1          |
+--------+-----+---------------------+
|   3    | 0.0 | 0.19471999999999998 |
|   4    | 0.0 |         0.0         |
+--------+-----+---------------------+
--> [QTable] FilterWidth (0 for Sub, 1 for Add)
+--------+---------------------+-----+
| Status |          0          |  1  |
+--------+---------------------+-----+
|   5    | 0.15095999999999998 | 0.0 |
|   4    |         0.0         | 0.0 |
+--------+---------------------+-----+
--> [QTable] StrideHeight (0 for Sub, 1 for Add)
+--------+-----+---------+
| Status |  0  |    1    |
+--------+-----+---------+
|   2    | 0.0 | 0.18304 |
|   3    | 0.0 |   0.0   |
+--------+-----+---------+
--> [QTable] StrideWidth (0 for Sub, 1 for Add)
+--------+-----+---------------------+
| Status |  0  |          1          |
+--------+-----+---------------------+
|   1    | 0.0 | 0.13848000000000002 |
|   2    | 0.0 |         0.0         |
+--------+-----+---------------------+

--> [attention] a_t: tensor([[0.0025, 0.9926, 0.0016, 0.0010, 0.0022]], device='cuda:0')
--> [lstm] done
--> [train] start
[Epoch 3] loss: 4.130529726252837 acc: 0.696
[Epoch 7] loss: 2.558982390348259 acc: 0.7252
[Epoch 11] loss: 1.726387491540226 acc: 0.7506
[Epoch 15] loss: 1.1441790165422518 acc: 0.7522
[Epoch 19] loss: 0.7737032418589458 acc: 0.768
[Epoch 23] loss: 0.559303183704043 acc: 0.7595
[Epoch 27] loss: 0.44942476996280195 acc: 0.7565
[Epoch 31] loss: 0.3801217060250318 acc: 0.7619
[Epoch 35] loss: 0.3400658397932949 acc: 0.7656
[Epoch 39] loss: 0.30524994245708903 acc: 0.7602
[Epoch 43] loss: 0.28098214890264794 acc: 0.7579
[Epoch 47] loss: 0.2573874472018779 acc: 0.7653
[Epoch 51] loss: 0.24312190101970263 acc: 0.7592
[Epoch 55] loss: 0.2209279112960867 acc: 0.7641
[Epoch 59] loss: 0.20940061897882606 acc: 0.7641
[Epoch 63] loss: 0.19905926897178602 acc: 0.7698
[Epoch 67] loss: 0.18855367659274347 acc: 0.7712
[Epoch 71] loss: 0.18800151158395745 acc: 0.7646
--> [train] finish
--> [test] acc: 0.7639
--> [reward] reward: 0.01760000000000006

------------------------- [[#1 iteration (param #2)]] -------------------------
parameter selected:  2
action:  0
+---------+----------+--------------+-------------+--------------+-------------+---------------+
|   Type  | OfFilter | FilterHeight | FilterWidth | StrideHeight | StrideWidth |      Acc      |
+---------+----------+--------------+-------------+--------------+-------------+---------------+
| current |   512    |      4       |      4      |      2       |      1      | 0.7463 (last) |
|   best  |   512    |      5       |      5      |      2       |      1      |     0.7639    |
|  worst  |   512    |      3       |      5      |      2       |      2      |     0.6731    |
+---------+----------+--------------+-------------+--------------+-------------+---------------+

--> [QTable] OfFilter (0 for Sub, 1 for Add)
+--------+---------------------+-----+
| Status |          0          |  1  |
+--------+---------------------+-----+
|  512   | 0.03329600000000005 | 0.0 |
|  480   |         0.0         | 0.0 |
+--------+---------------------+-----+
--> [QTable] FilterHeight (0 for Sub, 1 for Add)
+--------+-----+----------------------+
| Status |  0  |          1           |
+--------+-----+----------------------+
|   3    | 0.0 | 0.19471999999999998  |
|   4    | 0.0 | 0.014080000000000049 |
|   5    | 0.0 |         0.0          |
+--------+-----+----------------------+
--> [QTable] FilterWidth (0 for Sub, 1 for Add)
+--------+---------------------+-----+
| Status |          0          |  1  |
+--------+---------------------+-----+
|   5    | 0.15095999999999998 | 0.0 |
|   4    |         0.0         | 0.0 |
+--------+---------------------+-----+
--> [QTable] StrideHeight (0 for Sub, 1 for Add)
+--------+-----+---------+
| Status |  0  |    1    |
+--------+-----+---------+
|   2    | 0.0 | 0.18304 |
|   3    | 0.0 |   0.0   |
+--------+-----+---------+
--> [QTable] StrideWidth (0 for Sub, 1 for Add)
+--------+-----+---------------------+
| Status |  0  |          1          |
+--------+-----+---------------------+
|   1    | 0.0 | 0.13848000000000002 |
|   2    | 0.0 |         0.0         |
+--------+-----+---------------------+

--> [attention] a_t: tensor([[0.0025, 0.9926, 0.0016, 0.0010, 0.0022]], device='cuda:0')
--> [lstm] done
--> [train] start
[Epoch 3] loss: 4.483259656240263 acc: 0.6539
[Epoch 7] loss: 2.962870010177193 acc: 0.7012
[Epoch 11] loss: 2.1306655618083448 acc: 0.7276
[Epoch 15] loss: 1.4974543697312666 acc: 0.7251
[Epoch 19] loss: 1.0644939919490644 acc: 0.7342
[Epoch 23] loss: 0.7967885963075683 acc: 0.7312
[Epoch 27] loss: 0.6256270877673955 acc: 0.7311
[Epoch 31] loss: 0.5250800747824523 acc: 0.7332
[Epoch 35] loss: 0.4603027816233047 acc: 0.7364
[Epoch 39] loss: 0.4032465402094071 acc: 0.7321
[Epoch 43] loss: 0.3771492339923139 acc: 0.7341
[Epoch 47] loss: 0.3447022050109399 acc: 0.7294
[Epoch 51] loss: 0.31974036559043334 acc: 0.729
[Epoch 55] loss: 0.29896701808513887 acc: 0.7269
[Epoch 59] loss: 0.2851812852251217 acc: 0.7334
[Epoch 63] loss: 0.25919345708663966 acc: 0.7331
[Epoch 67] loss: 0.2537458239628188 acc: 0.7336
[Epoch 71] loss: 0.2396593579981962 acc: 0.7338
--> [train] finish
--> [test] acc: 0.7317
--> [reward] reward: -0.014599999999999946

------------------------- [[#1 iteration (param #3)]] -------------------------
parameter selected:  3
action:  1
+---------+----------+--------------+-------------+--------------+-------------+---------------+
|   Type  | OfFilter | FilterHeight | FilterWidth | StrideHeight | StrideWidth |      Acc      |
+---------+----------+--------------+-------------+--------------+-------------+---------------+
| current |   512    |      4       |      5      |      3       |      1      | 0.7463 (last) |
|   best  |   512    |      5       |      5      |      2       |      1      |     0.7639    |
|  worst  |   512    |      3       |      5      |      2       |      2      |     0.6731    |
+---------+----------+--------------+-------------+--------------+-------------+---------------+

--> [QTable] OfFilter (0 for Sub, 1 for Add)
+--------+---------------------+-----+
| Status |          0          |  1  |
+--------+---------------------+-----+
|  512   | 0.03329600000000005 | 0.0 |
|  480   |         0.0         | 0.0 |
+--------+---------------------+-----+
--> [QTable] FilterHeight (0 for Sub, 1 for Add)
+--------+-----+----------------------+
| Status |  0  |          1           |
+--------+-----+----------------------+
|   3    | 0.0 | 0.19471999999999998  |
|   4    | 0.0 | 0.014080000000000049 |
|   5    | 0.0 |         0.0          |
+--------+-----+----------------------+
--> [QTable] FilterWidth (0 for Sub, 1 for Add)
+--------+---------------------+-----+
| Status |          0          |  1  |
+--------+---------------------+-----+
|   5    | 0.01851200000000003 | 0.0 |
|   4    |         0.0         | 0.0 |
+--------+---------------------+-----+
--> [QTable] StrideHeight (0 for Sub, 1 for Add)
+--------+-----+---------+
| Status |  0  |    1    |
+--------+-----+---------+
|   2    | 0.0 | 0.18304 |
|   3    | 0.0 |   0.0   |
+--------+-----+---------+
--> [QTable] StrideWidth (0 for Sub, 1 for Add)
+--------+-----+---------------------+
| Status |  0  |          1          |
+--------+-----+---------------------+
|   1    | 0.0 | 0.13848000000000002 |
|   2    | 0.0 |         0.0         |
+--------+-----+---------------------+

--> [attention] a_t: tensor([[0.0025, 0.9926, 0.0016, 0.0010, 0.0022]], device='cuda:0')
--> [lstm] done
--> [train] start
[Epoch 3] loss: 4.258793026589982 acc: 0.6704
[Epoch 7] loss: 2.7430385430450634 acc: 0.7211
[Epoch 11] loss: 1.942500381442287 acc: 0.7357
[Epoch 15] loss: 1.334602675055299 acc: 0.7497
[Epoch 19] loss: 0.9251371740799426 acc: 0.7501
[Epoch 23] loss: 0.6783995372255135 acc: 0.75
[Epoch 27] loss: 0.5426881247964661 acc: 0.7465
[Epoch 31] loss: 0.4463383462089483 acc: 0.7497
[Epoch 35] loss: 0.400832682652661 acc: 0.7543
[Epoch 39] loss: 0.35569299465459786 acc: 0.7501
[Epoch 43] loss: 0.33013380563739314 acc: 0.7538
[Epoch 47] loss: 0.29595020498432545 acc: 0.7536
[Epoch 51] loss: 0.2697151302195647 acc: 0.7535
[Epoch 55] loss: 0.26002231126655934 acc: 0.7462
[Epoch 59] loss: 0.24712252720137654 acc: 0.7481
[Epoch 63] loss: 0.23126760291535875 acc: 0.7543
[Epoch 67] loss: 0.22180624848798566 acc: 0.7524
[Epoch 71] loss: 0.2120431968531407 acc: 0.7603
--> [train] finish
--> [test] acc: 0.7514
--> [reward] reward: 0.005099999999999993

------------------------- [[#1 iteration (param #4)]] -------------------------
parameter selected:  4
action:  1
+---------+----------+--------------+-------------+--------------+-------------+---------------+
|   Type  | OfFilter | FilterHeight | FilterWidth | StrideHeight | StrideWidth |      Acc      |
+---------+----------+--------------+-------------+--------------+-------------+---------------+
| current |   512    |      4       |      5      |      2       |      2      | 0.7463 (last) |
|   best  |   512    |      5       |      5      |      2       |      1      |     0.7639    |
|  worst  |   512    |      3       |      5      |      2       |      2      |     0.6731    |
+---------+----------+--------------+-------------+--------------+-------------+---------------+

--> [QTable] OfFilter (0 for Sub, 1 for Add)
+--------+---------------------+-----+
| Status |          0          |  1  |
+--------+---------------------+-----+
|  512   | 0.03329600000000005 | 0.0 |
|  480   |         0.0         | 0.0 |
+--------+---------------------+-----+
--> [QTable] FilterHeight (0 for Sub, 1 for Add)
+--------+-----+----------------------+
| Status |  0  |          1           |
+--------+-----+----------------------+
|   3    | 0.0 | 0.19471999999999998  |
|   4    | 0.0 | 0.014080000000000049 |
|   5    | 0.0 |         0.0          |
+--------+-----+----------------------+
--> [QTable] FilterWidth (0 for Sub, 1 for Add)
+--------+---------------------+-----+
| Status |          0          |  1  |
+--------+---------------------+-----+
|   5    | 0.01851200000000003 | 0.0 |
|   4    |         0.0         | 0.0 |
+--------+---------------------+-----+
--> [QTable] StrideHeight (0 for Sub, 1 for Add)
+--------+-----+----------+
| Status |  0  |    1     |
+--------+-----+----------+
|   2    | 0.0 | 0.040688 |
|   3    | 0.0 |   0.0    |
+--------+-----+----------+
--> [QTable] StrideWidth (0 for Sub, 1 for Add)
+--------+-----+---------------------+
| Status |  0  |          1          |
+--------+-----+---------------------+
|   1    | 0.0 | 0.13848000000000002 |
|   2    | 0.0 |         0.0         |
+--------+-----+---------------------+

--> [attention] a_t: tensor([[0.0025, 0.9926, 0.0016, 0.0010, 0.0022]], device='cuda:0')
--> [lstm] done
--> [train] start
[Epoch 3] loss: 4.561201287504962 acc: 0.6487
[Epoch 7] loss: 2.9633780218603665 acc: 0.6995
[Epoch 11] loss: 2.062844355431054 acc: 0.7077
[Epoch 15] loss: 1.3725853557781795 acc: 0.7084
[Epoch 19] loss: 0.9495119623401586 acc: 0.7097
[Epoch 23] loss: 0.7101405957413603 acc: 0.7068
[Epoch 27] loss: 0.5681865496794357 acc: 0.7068
[Epoch 31] loss: 0.48035932652404545 acc: 0.7078
[Epoch 35] loss: 0.4266881904448085 acc: 0.7124
[Epoch 39] loss: 0.3863720892073439 acc: 0.7204
[Epoch 43] loss: 0.35140771123930775 acc: 0.7046
[Epoch 47] loss: 0.3259570307343665 acc: 0.7112
[Epoch 51] loss: 0.30082402660575747 acc: 0.7133
[Epoch 55] loss: 0.284511393043296 acc: 0.7086
[Epoch 59] loss: 0.2686347735740835 acc: 0.7143
[Epoch 63] loss: 0.25766005654297675 acc: 0.7122
[Epoch 67] loss: 0.25111174402887104 acc: 0.7121
[Epoch 71] loss: 0.22270970243026914 acc: 0.7141
--> [train] finish
--> [test] acc: 0.7142
--> [reward] reward: -0.03210000000000002
--> [learn] controller loss: f0.9103206396102905
+---------+----------+--------------+-------------+--------------+-------------+---------------+
|   Type  | OfFilter | FilterHeight | FilterWidth | StrideHeight | StrideWidth |      Acc      |
+---------+----------+--------------+-------------+--------------+-------------+---------------+
| current |   512    |      4       |      5      |      2       |      1      | 0.7463 (last) |
|   best  |   512    |      5       |      5      |      2       |      1      |     0.7639    |
|  worst  |   512    |      3       |      5      |      2       |      2      |     0.6731    |
+---------+----------+--------------+-------------+--------------+-------------+---------------+

--> [QTable] OfFilter (0 for Sub, 1 for Add)
+--------+---------------------+-----+
| Status |          0          |  1  |
+--------+---------------------+-----+
|  512   | 0.03329600000000005 | 0.0 |
|  480   |         0.0         | 0.0 |
+--------+---------------------+-----+
--> [QTable] FilterHeight (0 for Sub, 1 for Add)
+--------+-----+----------------------+
| Status |  0  |          1           |
+--------+-----+----------------------+
|   3    | 0.0 | 0.19471999999999998  |
|   4    | 0.0 | 0.014080000000000049 |
|   5    | 0.0 |         0.0          |
+--------+-----+----------------------+
--> [QTable] FilterWidth (0 for Sub, 1 for Add)
+--------+---------------------+-----+
| Status |          0          |  1  |
+--------+---------------------+-----+
|   5    | 0.01851200000000003 | 0.0 |
|   4    |         0.0         | 0.0 |
+--------+---------------------+-----+
--> [QTable] StrideHeight (0 for Sub, 1 for Add)
+--------+-----+----------+
| Status |  0  |    1     |
+--------+-----+----------+
|   2    | 0.0 | 0.040688 |
|   3    | 0.0 |   0.0    |
+--------+-----+----------+
--> [QTable] StrideWidth (0 for Sub, 1 for Add)
+--------+-----+---------------------+
| Status |  0  |          1          |
+--------+-----+---------------------+
|   1    | 0.0 | 0.00201599999999999 |
|   2    | 0.0 |         0.0         |
+--------+-----+---------------------+

parameter selected:  1
action:  1
+---------+----------+--------------+-------------+--------------+-------------+---------------+
|   Type  | OfFilter | FilterHeight | FilterWidth | StrideHeight | StrideWidth |      Acc      |
+---------+----------+--------------+-------------+--------------+-------------+---------------+
| current |   512    |      5       |      5      |      2       |      1      | 0.7463 (last) |
|   best  |   512    |      5       |      5      |      2       |      1      |     0.7639    |
|  worst  |   512    |      3       |      5      |      2       |      2      |     0.6731    |
+---------+----------+--------------+-------------+--------------+-------------+---------------+

--> [QTable] OfFilter (0 for Sub, 1 for Add)
+--------+---------------------+-----+
| Status |          0          |  1  |
+--------+---------------------+-----+
|  512   | 0.03329600000000005 | 0.0 |
|  480   |         0.0         | 0.0 |
+--------+---------------------+-----+
--> [QTable] FilterHeight (0 for Sub, 1 for Add)
+--------+-----+----------------------+
| Status |  0  |          1           |
+--------+-----+----------------------+
|   3    | 0.0 | 0.19471999999999998  |
|   4    | 0.0 | 0.014080000000000049 |
|   5    | 0.0 |         0.0          |
+--------+-----+----------------------+
--> [QTable] FilterWidth (0 for Sub, 1 for Add)
+--------+---------------------+-----+
| Status |          0          |  1  |
+--------+---------------------+-----+
|   5    | 0.01851200000000003 | 0.0 |
|   4    |         0.0         | 0.0 |
+--------+---------------------+-----+
--> [QTable] StrideHeight (0 for Sub, 1 for Add)
+--------+-----+----------+
| Status |  0  |    1     |
+--------+-----+----------+
|   2    | 0.0 | 0.040688 |
|   3    | 0.0 |   0.0    |
+--------+-----+----------+
--> [QTable] StrideWidth (0 for Sub, 1 for Add)
+--------+-----+---------------------+
| Status |  0  |          1          |
+--------+-----+---------------------+
|   1    | 0.0 | 0.00201599999999999 |
|   2    | 0.0 |         0.0         |
+--------+-----+---------------------+

--> [attention] a_t: tensor([[2.9078e-05, 9.9992e-01, 1.7761e-05, 1.1823e-05, 2.5681e-05]],
       device='cuda:0')
--> [lstm] done
--> [train] start
[Epoch 3] loss: 4.115190147667589 acc: 0.7015
[Epoch 7] loss: 2.5393914452294255 acc: 0.742
[Epoch 11] loss: 1.70237554457334 acc: 0.7616
[Epoch 15] loss: 1.1137316710198932 acc: 0.7585
[Epoch 19] loss: 0.7418111965365117 acc: 0.7653
[Epoch 23] loss: 0.5501705977751319 acc: 0.7691
[Epoch 27] loss: 0.43866195682140874 acc: 0.7588
[Epoch 31] loss: 0.3621468108214076 acc: 0.7661
[Epoch 35] loss: 0.32646615332102075 acc: 0.7639
[Epoch 39] loss: 0.2974398513955762 acc: 0.7637
[Epoch 43] loss: 0.27098109504050766 acc: 0.7656
[Epoch 47] loss: 0.24417680010909354 acc: 0.769
[Epoch 51] loss: 0.23859961409731517 acc: 0.752
[Epoch 55] loss: 0.22457624662219716 acc: 0.7621
[Epoch 59] loss: 0.2104101046321966 acc: 0.7693
[Epoch 63] loss: 0.19144802880794992 acc: 0.7664
[Epoch 67] loss: 0.19248738044115435 acc: 0.766
[Epoch 71] loss: 0.1777963878996575 acc: 0.7641
--> [train] finish
--> [test] acc: 0.7611

------------------------- [[#2 iteration]] -------------------------
############################## STABLE STATUS ##############################
+---------+----------+--------------+-------------+--------------+-------------+---------------+
|   Type  | OfFilter | FilterHeight | FilterWidth | StrideHeight | StrideWidth |      Acc      |
+---------+----------+--------------+-------------+--------------+-------------+---------------+
| current |   512    |      5       |      5      |      2       |      1      | 0.7611 (last) |
|   best  |   512    |      5       |      5      |      2       |      1      |     0.7639    |
|  worst  |   512    |      3       |      5      |      2       |      2      |     0.6731    |
+---------+----------+--------------+-------------+--------------+-------------+---------------+

--> [QTable] OfFilter (0 for Sub, 1 for Add)
+--------+---------------------+-----+
| Status |          0          |  1  |
+--------+---------------------+-----+
|  512   | 0.03329600000000005 | 0.0 |
|  480   |         0.0         | 0.0 |
+--------+---------------------+-----+
--> [QTable] FilterHeight (0 for Sub, 1 for Add)
+--------+-----+----------------------+
| Status |  0  |          1           |
+--------+-----+----------------------+
|   3    | 0.0 | 0.19471999999999998  |
|   4    | 0.0 | 0.014080000000000049 |
|   5    | 0.0 |         0.0          |
+--------+-----+----------------------+
--> [QTable] FilterWidth (0 for Sub, 1 for Add)
+--------+---------------------+-----+
| Status |          0          |  1  |
+--------+---------------------+-----+
|   5    | 0.01851200000000003 | 0.0 |
|   4    |         0.0         | 0.0 |
+--------+---------------------+-----+
--> [QTable] StrideHeight (0 for Sub, 1 for Add)
+--------+-----+----------+
| Status |  0  |    1     |
+--------+-----+----------+
|   2    | 0.0 | 0.040688 |
|   3    | 0.0 |   0.0    |
+--------+-----+----------+
--> [QTable] StrideWidth (0 for Sub, 1 for Add)
+--------+-----+---------------------+
| Status |  0  |          1          |
+--------+-----+---------------------+
|   1    | 0.0 | 0.00201599999999999 |
|   2    | 0.0 |         0.0         |
+--------+-----+---------------------+


------------------------- [[#2 iteration (param #0)]] -------------------------
parameter selected:  0
action:  0
+---------+----------+--------------+-------------+--------------+-------------+---------------+
|   Type  | OfFilter | FilterHeight | FilterWidth | StrideHeight | StrideWidth |      Acc      |
+---------+----------+--------------+-------------+--------------+-------------+---------------+
| current |   480    |      5       |      5      |      2       |      1      | 0.7611 (last) |
|   best  |   512    |      5       |      5      |      2       |      1      |     0.7639    |
|  worst  |   512    |      3       |      5      |      2       |      2      |     0.6731    |
+---------+----------+--------------+-------------+--------------+-------------+---------------+

--> [QTable] OfFilter (0 for Sub, 1 for Add)
+--------+---------------------+-----+
| Status |          0          |  1  |
+--------+---------------------+-----+
|  512   | 0.03329600000000005 | 0.0 |
|  480   |         0.0         | 0.0 |
+--------+---------------------+-----+
--> [QTable] FilterHeight (0 for Sub, 1 for Add)
+--------+-----+----------------------+
| Status |  0  |          1           |
+--------+-----+----------------------+
|   3    | 0.0 | 0.19471999999999998  |
|   4    | 0.0 | 0.014080000000000049 |
|   5    | 0.0 |         0.0          |
+--------+-----+----------------------+
--> [QTable] FilterWidth (0 for Sub, 1 for Add)
+--------+---------------------+-----+
| Status |          0          |  1  |
+--------+---------------------+-----+
|   5    | 0.01851200000000003 | 0.0 |
|   4    |         0.0         | 0.0 |
+--------+---------------------+-----+
--> [QTable] StrideHeight (0 for Sub, 1 for Add)
+--------+-----+----------+
| Status |  0  |    1     |
+--------+-----+----------+
|   2    | 0.0 | 0.040688 |
|   3    | 0.0 |   0.0    |
+--------+-----+----------+
--> [QTable] StrideWidth (0 for Sub, 1 for Add)
+--------+-----+---------------------+
| Status |  0  |          1          |
+--------+-----+---------------------+
|   1    | 0.0 | 0.00201599999999999 |
|   2    | 0.0 |         0.0         |
+--------+-----+---------------------+

--> [attention] a_t: tensor([[2.9078e-05, 9.9992e-01, 1.7761e-05, 1.1823e-05, 2.5681e-05]],
       device='cuda:0')
--> [lstm] done
--> [train] start
[Epoch 3] loss: 4.179027979941014 acc: 0.692
[Epoch 7] loss: 2.5992837834846028 acc: 0.7409
[Epoch 11] loss: 1.7652841686364025 acc: 0.7551
[Epoch 15] loss: 1.1647193649083452 acc: 0.7524
[Epoch 19] loss: 0.7846827927471884 acc: 0.7596
[Epoch 23] loss: 0.5754105989128122 acc: 0.7551
[Epoch 27] loss: 0.46366472099729056 acc: 0.7659
[Epoch 31] loss: 0.3993159019533554 acc: 0.7606
[Epoch 35] loss: 0.35092964952292344 acc: 0.7625
[Epoch 39] loss: 0.31281132967023134 acc: 0.76
[Epoch 43] loss: 0.28418350524371466 acc: 0.7542
[Epoch 47] loss: 0.26465386756078896 acc: 0.7612
[Epoch 51] loss: 0.2432430027668481 acc: 0.7604
[Epoch 55] loss: 0.23661134862329078 acc: 0.7629
[Epoch 59] loss: 0.21528412717039627 acc: 0.7605
[Epoch 63] loss: 0.2048068816780739 acc: 0.7662
[Epoch 67] loss: 0.19839681281238947 acc: 0.7643
[Epoch 71] loss: 0.18673090591831396 acc: 0.7638
--> [train] finish
--> [test] acc: 0.7591
--> [reward] reward: -0.0020000000000000018

------------------------- [[#2 iteration (param #1)]] -------------------------
parameter selected:  1
action:  0
+---------+----------+--------------+-------------+--------------+-------------+---------------+
|   Type  | OfFilter | FilterHeight | FilterWidth | StrideHeight | StrideWidth |      Acc      |
+---------+----------+--------------+-------------+--------------+-------------+---------------+
| current |   512    |      4       |      5      |      2       |      1      | 0.7611 (last) |
|   best  |   512    |      5       |      5      |      2       |      1      |     0.7639    |
|  worst  |   512    |      3       |      5      |      2       |      2      |     0.6731    |
+---------+----------+--------------+-------------+--------------+-------------+---------------+

--> [QTable] OfFilter (0 for Sub, 1 for Add)
+--------+----------------------+-----+
| Status |          0           |  1  |
+--------+----------------------+-----+
|  512   | 0.005059200000000007 | 0.0 |
|  480   |         0.0          | 0.0 |
+--------+----------------------+-----+
--> [QTable] FilterHeight (0 for Sub, 1 for Add)
+--------+-----+----------------------+
| Status |  0  |          1           |
+--------+-----+----------------------+
|   3    | 0.0 | 0.19471999999999998  |
|   4    | 0.0 | 0.014080000000000049 |
|   5    | 0.0 |         0.0          |
+--------+-----+----------------------+
--> [QTable] FilterWidth (0 for Sub, 1 for Add)
+--------+---------------------+-----+
| Status |          0          |  1  |
+--------+---------------------+-----+
|   5    | 0.01851200000000003 | 0.0 |
|   4    |         0.0         | 0.0 |
+--------+---------------------+-----+
--> [QTable] StrideHeight (0 for Sub, 1 for Add)
+--------+-----+----------+
| Status |  0  |    1     |
+--------+-----+----------+
|   2    | 0.0 | 0.040688 |
|   3    | 0.0 |   0.0    |
+--------+-----+----------+
--> [QTable] StrideWidth (0 for Sub, 1 for Add)
+--------+-----+---------------------+
| Status |  0  |          1          |
+--------+-----+---------------------+
|   1    | 0.0 | 0.00201599999999999 |
|   2    | 0.0 |         0.0         |
+--------+-----+---------------------+

--> [attention] a_t: tensor([[2.9078e-05, 9.9992e-01, 1.7761e-05, 1.1823e-05, 2.5681e-05]],
       device='cuda:0')
--> [lstm] done
--> [train] start
[Epoch 3] loss: 4.336798364701479 acc: 0.6585
[Epoch 7] loss: 2.8025546336875244 acc: 0.7203
[Epoch 11] loss: 1.9641472113406873 acc: 0.7368
[Epoch 15] loss: 1.338062208707985 acc: 0.7309
[Epoch 19] loss: 0.9337277656606854 acc: 0.7388
[Epoch 23] loss: 0.6870287500722024 acc: 0.7369
[Epoch 27] loss: 0.5475090813472905 acc: 0.7371
[Epoch 31] loss: 0.465002248287582 acc: 0.7399
[Epoch 35] loss: 0.4018381122223404 acc: 0.7442
[Epoch 39] loss: 0.3659265409068912 acc: 0.7412
[Epoch 43] loss: 0.3314667220734765 acc: 0.7412
[Epoch 47] loss: 0.3003747947537876 acc: 0.7419
[Epoch 51] loss: 0.28688331729377553 acc: 0.7428
[Epoch 55] loss: 0.27172408648587937 acc: 0.7384
[Epoch 59] loss: 0.25338013290339495 acc: 0.7392
[Epoch 63] loss: 0.23735336180481 acc: 0.7393
[Epoch 67] loss: 0.22301521051979964 acc: 0.7432
[Epoch 71] loss: 0.21091266797588723 acc: 0.7418
--> [train] finish
--> [test] acc: 0.743
--> [reward] reward: -0.018100000000000005

------------------------- [[#2 iteration (param #2)]] -------------------------
parameter selected:  2
action:  0
+---------+----------+--------------+-------------+--------------+-------------+---------------+
|   Type  | OfFilter | FilterHeight | FilterWidth | StrideHeight | StrideWidth |      Acc      |
+---------+----------+--------------+-------------+--------------+-------------+---------------+
| current |   512    |      5       |      4      |      2       |      1      | 0.7611 (last) |
|   best  |   512    |      5       |      5      |      2       |      1      |     0.7639    |
|  worst  |   512    |      3       |      5      |      2       |      2      |     0.6731    |
+---------+----------+--------------+-------------+--------------+-------------+---------------+

--> [QTable] OfFilter (0 for Sub, 1 for Add)
+--------+----------------------+-----+
| Status |          0           |  1  |
+--------+----------------------+-----+
|  512   | 0.005059200000000007 | 0.0 |
|  480   |         0.0          | 0.0 |
+--------+----------------------+-----+
--> [QTable] FilterHeight (0 for Sub, 1 for Add)
+--------+------------------------+----------------------+
| Status |           0            |          1           |
+--------+------------------------+----------------------+
|   3    |          0.0           | 0.19471999999999998  |
|   4    |          0.0           | 0.014080000000000049 |
|   5    | -0.0034412799999999663 |         0.0          |
+--------+------------------------+----------------------+
--> [QTable] FilterWidth (0 for Sub, 1 for Add)
+--------+---------------------+-----+
| Status |          0          |  1  |
+--------+---------------------+-----+
|   5    | 0.01851200000000003 | 0.0 |
|   4    |         0.0         | 0.0 |
+--------+---------------------+-----+
--> [QTable] StrideHeight (0 for Sub, 1 for Add)
+--------+-----+----------+
| Status |  0  |    1     |
+--------+-----+----------+
|   2    | 0.0 | 0.040688 |
|   3    | 0.0 |   0.0    |
+--------+-----+----------+
--> [QTable] StrideWidth (0 for Sub, 1 for Add)
+--------+-----+---------------------+
| Status |  0  |          1          |
+--------+-----+---------------------+
|   1    | 0.0 | 0.00201599999999999 |
|   2    | 0.0 |         0.0         |
+--------+-----+---------------------+

--> [attention] a_t: tensor([[2.9078e-05, 9.9992e-01, 1.7761e-05, 1.1823e-05, 2.5681e-05]],
       device='cuda:0')
--> [lstm] done
--> [train] start
[Epoch 3] loss: 4.260855169095042 acc: 0.6814
[Epoch 7] loss: 2.748659548857023 acc: 0.7229
[Epoch 11] loss: 1.923472489580474 acc: 0.7369
[Epoch 15] loss: 1.302479503023655 acc: 0.7483
[Epoch 19] loss: 0.8969622522859317 acc: 0.754
[Epoch 23] loss: 0.6592300534343628 acc: 0.7575
[Epoch 27] loss: 0.527900131514577 acc: 0.7537
[Epoch 31] loss: 0.43865157128609433 acc: 0.756
[Epoch 35] loss: 0.3866044758435558 acc: 0.7478
[Epoch 39] loss: 0.3443794081873639 acc: 0.7493
[Epoch 43] loss: 0.3088520640516868 acc: 0.7537
[Epoch 47] loss: 0.2873657181444566 acc: 0.7532
[Epoch 51] loss: 0.2736927214462091 acc: 0.7532
[Epoch 55] loss: 0.2540316600924182 acc: 0.75
[Epoch 59] loss: 0.24047742442220754 acc: 0.7497
[Epoch 63] loss: 0.2265999217141334 acc: 0.7521
[Epoch 67] loss: 0.2182171910136576 acc: 0.7607
[Epoch 71] loss: 0.20518939966893257 acc: 0.7494
--> [train] finish
--> [test] acc: 0.7534
--> [reward] reward: -0.00770000000000004

------------------------- [[#2 iteration (param #3)]] -------------------------
parameter selected:  3
action:  1
+---------+----------+--------------+-------------+--------------+-------------+---------------+
|   Type  | OfFilter | FilterHeight | FilterWidth | StrideHeight | StrideWidth |      Acc      |
+---------+----------+--------------+-------------+--------------+-------------+---------------+
| current |   512    |      5       |      5      |      3       |      1      | 0.7611 (last) |
|   best  |   512    |      5       |      5      |      2       |      1      |     0.7639    |
|  worst  |   512    |      3       |      5      |      2       |      2      |     0.6731    |
+---------+----------+--------------+-------------+--------------+-------------+---------------+

--> [QTable] OfFilter (0 for Sub, 1 for Add)
+--------+----------------------+-----+
| Status |          0           |  1  |
+--------+----------------------+-----+
|  512   | 0.005059200000000007 | 0.0 |
|  480   |         0.0          | 0.0 |
+--------+----------------------+-----+
--> [QTable] FilterHeight (0 for Sub, 1 for Add)
+--------+------------------------+----------------------+
| Status |           0            |          1           |
+--------+------------------------+----------------------+
|   3    |          0.0           | 0.19471999999999998  |
|   4    |          0.0           | 0.014080000000000049 |
|   5    | -0.0034412799999999663 |         0.0          |
+--------+------------------------+----------------------+
--> [QTable] FilterWidth (0 for Sub, 1 for Add)
+--------+------------------------+-----+
| Status |           0            |  1  |
+--------+------------------------+-----+
|   5    | -0.0024576000000000285 | 0.0 |
|   4    |          0.0           | 0.0 |
+--------+------------------------+-----+
--> [QTable] StrideHeight (0 for Sub, 1 for Add)
+--------+-----+----------+
| Status |  0  |    1     |
+--------+-----+----------+
|   2    | 0.0 | 0.040688 |
|   3    | 0.0 |   0.0    |
+--------+-----+----------+
--> [QTable] StrideWidth (0 for Sub, 1 for Add)
+--------+-----+---------------------+
| Status |  0  |          1          |
+--------+-----+---------------------+
|   1    | 0.0 | 0.00201599999999999 |
|   2    | 0.0 |         0.0         |
+--------+-----+---------------------+

--> [attention] a_t: tensor([[2.9078e-05, 9.9992e-01, 1.7761e-05, 1.1823e-05, 2.5681e-05]],
       device='cuda:0')
--> [lstm] done
--> [train] start
[Epoch 3] loss: 4.113264787456264 acc: 0.6966
[Epoch 7] loss: 2.5677505784174977 acc: 0.7428
[Epoch 11] loss: 1.7546660182878488 acc: 0.7488
[Epoch 15] loss: 1.1687440296153888 acc: 0.7567
[Epoch 19] loss: 0.7911775734018335 acc: 0.7549
[Epoch 23] loss: 0.5854617227869265 acc: 0.7568
[Epoch 27] loss: 0.46058250742171275 acc: 0.7606
[Epoch 31] loss: 0.3835315280915488 acc: 0.7604
[Epoch 35] loss: 0.34235302452474375 acc: 0.755
[Epoch 39] loss: 0.30506785673415643 acc: 0.7601
[Epoch 43] loss: 0.28222249989466897 acc: 0.7586
[Epoch 47] loss: 0.2593388187930064 acc: 0.7614
[Epoch 51] loss: 0.23825592256110648 acc: 0.7578
[Epoch 55] loss: 0.22824592104591335 acc: 0.7624
[Epoch 59] loss: 0.21597717243992268 acc: 0.7605
[Epoch 63] loss: 0.20026668773659165 acc: 0.7599
[Epoch 67] loss: 0.19149302512459704 acc: 0.7584
[Epoch 71] loss: 0.17853812136999367 acc: 0.7564
--> [train] finish
--> [test] acc: 0.7611
--> [reward] reward: 0.0

------------------------- [[#2 iteration (param #4)]] -------------------------
parameter selected:  4
action:  1
+---------+----------+--------------+-------------+--------------+-------------+---------------+
|   Type  | OfFilter | FilterHeight | FilterWidth | StrideHeight | StrideWidth |      Acc      |
+---------+----------+--------------+-------------+--------------+-------------+---------------+
| current |   512    |      5       |      5      |      2       |      2      | 0.7611 (last) |
|   best  |   512    |      5       |      5      |      2       |      1      |     0.7639    |
|  worst  |   512    |      3       |      5      |      2       |      2      |     0.6731    |
+---------+----------+--------------+-------------+--------------+-------------+---------------+

--> [QTable] OfFilter (0 for Sub, 1 for Add)
+--------+----------------------+-----+
| Status |          0           |  1  |
+--------+----------------------+-----+
|  512   | 0.005059200000000007 | 0.0 |
|  480   |         0.0          | 0.0 |
+--------+----------------------+-----+
--> [QTable] FilterHeight (0 for Sub, 1 for Add)
+--------+------------------------+----------------------+
| Status |           0            |          1           |
+--------+------------------------+----------------------+
|   3    |          0.0           | 0.19471999999999998  |
|   4    |          0.0           | 0.014080000000000049 |
|   5    | -0.0034412799999999663 |         0.0          |
+--------+------------------------+----------------------+
--> [QTable] FilterWidth (0 for Sub, 1 for Add)
+--------+------------------------+-----+
| Status |           0            |  1  |
+--------+------------------------+-----+
|   5    | -0.0024576000000000285 | 0.0 |
|   4    |          0.0           | 0.0 |
+--------+------------------------+-----+
--> [QTable] StrideHeight (0 for Sub, 1 for Add)
+--------+-----+----------------------+
| Status |  0  |          1           |
+--------+-----+----------------------+
|   2    | 0.0 | 0.008137600000000002 |
|   3    | 0.0 |         0.0          |
+--------+-----+----------------------+
--> [QTable] StrideWidth (0 for Sub, 1 for Add)
+--------+-----+---------------------+
| Status |  0  |          1          |
+--------+-----+---------------------+
|   1    | 0.0 | 0.00201599999999999 |
|   2    | 0.0 |         0.0         |
+--------+-----+---------------------+

--> [attention] a_t: tensor([[2.9078e-05, 9.9992e-01, 1.7761e-05, 1.1823e-05, 2.5681e-05]],
       device='cuda:0')
--> [lstm] done
--> [train] start
[Epoch 3] loss: 4.290913133060231 acc: 0.6814
[Epoch 7] loss: 2.697195334888785 acc: 0.7064
[Epoch 11] loss: 1.7721934757193032 acc: 0.7323
[Epoch 15] loss: 1.1328522428260435 acc: 0.73
[Epoch 19] loss: 0.7655696652524764 acc: 0.7325
[Epoch 23] loss: 0.5663425838074568 acc: 0.7403
[Epoch 27] loss: 0.46764345416117964 acc: 0.7313
[Epoch 31] loss: 0.3964470393974763 acc: 0.7385
[Epoch 35] loss: 0.34908146724400235 acc: 0.7367
[Epoch 39] loss: 0.3198561654533343 acc: 0.7341
[Epoch 43] loss: 0.2968360462018748 acc: 0.7378
[Epoch 47] loss: 0.27247409074974566 acc: 0.7407
[Epoch 51] loss: 0.2581144623920474 acc: 0.7368
[Epoch 55] loss: 0.2354612879817138 acc: 0.7327
[Epoch 59] loss: 0.2264434287391241 acc: 0.735
[Epoch 63] loss: 0.21945123704355163 acc: 0.7349
[Epoch 67] loss: 0.2132762855566714 acc: 0.7405
[Epoch 71] loss: 0.19636620473666855 acc: 0.7388
--> [train] finish
--> [test] acc: 0.735
--> [reward] reward: -0.026100000000000012
--> [learn] controller loss: f1.9047991037368774
+---------+----------+--------------+-------------+--------------+-------------+---------------+
|   Type  | OfFilter | FilterHeight | FilterWidth | StrideHeight | StrideWidth |      Acc      |
+---------+----------+--------------+-------------+--------------+-------------+---------------+
| current |   512    |      5       |      5      |      2       |      1      | 0.7611 (last) |
|   best  |   512    |      5       |      5      |      2       |      1      |     0.7639    |
|  worst  |   512    |      3       |      5      |      2       |      2      |     0.6731    |
+---------+----------+--------------+-------------+--------------+-------------+---------------+

--> [QTable] OfFilter (0 for Sub, 1 for Add)
+--------+----------------------+-----+
| Status |          0           |  1  |
+--------+----------------------+-----+
|  512   | 0.005059200000000007 | 0.0 |
|  480   |         0.0          | 0.0 |
+--------+----------------------+-----+
--> [QTable] FilterHeight (0 for Sub, 1 for Add)
+--------+------------------------+----------------------+
| Status |           0            |          1           |
+--------+------------------------+----------------------+
|   3    |          0.0           | 0.19471999999999998  |
|   4    |          0.0           | 0.014080000000000049 |
|   5    | -0.0034412799999999663 |         0.0          |
+--------+------------------------+----------------------+
--> [QTable] FilterWidth (0 for Sub, 1 for Add)
+--------+------------------------+-----+
| Status |           0            |  1  |
+--------+------------------------+-----+
|   5    | -0.0024576000000000285 | 0.0 |
|   4    |          0.0           | 0.0 |
+--------+------------------------+-----+
--> [QTable] StrideHeight (0 for Sub, 1 for Add)
+--------+-----+----------------------+
| Status |  0  |          1           |
+--------+-----+----------------------+
|   2    | 0.0 | 0.008137600000000002 |
|   3    | 0.0 |         0.0          |
+--------+-----+----------------------+
--> [QTable] StrideWidth (0 for Sub, 1 for Add)
+--------+-----+-----------------------+
| Status |  0  |           1           |
+--------+-----+-----------------------+
|   1    | 0.0 | -0.020476800000000014 |
|   2    | 0.0 |          0.0          |
+--------+-----+-----------------------+

parameter selected:  3
action:  1
+---------+----------+--------------+-------------+--------------+-------------+---------------+
|   Type  | OfFilter | FilterHeight | FilterWidth | StrideHeight | StrideWidth |      Acc      |
+---------+----------+--------------+-------------+--------------+-------------+---------------+
| current |   512    |      5       |      5      |      3       |      1      | 0.7611 (last) |
|   best  |   512    |      5       |      5      |      2       |      1      |     0.7639    |
|  worst  |   512    |      3       |      5      |      2       |      2      |     0.6731    |
+---------+----------+--------------+-------------+--------------+-------------+---------------+

--> [QTable] OfFilter (0 for Sub, 1 for Add)
+--------+----------------------+-----+
| Status |          0           |  1  |
+--------+----------------------+-----+
|  512   | 0.005059200000000007 | 0.0 |
|  480   |         0.0          | 0.0 |
+--------+----------------------+-----+
--> [QTable] FilterHeight (0 for Sub, 1 for Add)
+--------+------------------------+----------------------+
| Status |           0            |          1           |
+--------+------------------------+----------------------+
|   3    |          0.0           | 0.19471999999999998  |
|   4    |          0.0           | 0.014080000000000049 |
|   5    | -0.0034412799999999663 |         0.0          |
+--------+------------------------+----------------------+
--> [QTable] FilterWidth (0 for Sub, 1 for Add)
+--------+------------------------+-----+
| Status |           0            |  1  |
+--------+------------------------+-----+
|   5    | -0.0024576000000000285 | 0.0 |
|   4    |          0.0           | 0.0 |
+--------+------------------------+-----+
--> [QTable] StrideHeight (0 for Sub, 1 for Add)
+--------+-----+----------------------+
| Status |  0  |          1           |
+--------+-----+----------------------+
|   2    | 0.0 | 0.008137600000000002 |
|   3    | 0.0 |         0.0          |
+--------+-----+----------------------+
--> [QTable] StrideWidth (0 for Sub, 1 for Add)
+--------+-----+-----------------------+
| Status |  0  |           1           |
+--------+-----+-----------------------+
|   1    | 0.0 | -0.020476800000000014 |
|   2    | 0.0 |          0.0          |
+--------+-----+-----------------------+

--> [attention] a_t: tensor([[2.1165e-06, 9.9999e-01, 1.2814e-06, 8.4956e-07, 1.8645e-06]],
       device='cuda:0')
--> [lstm] done
--> [train] start
[Epoch 3] loss: 4.119767160519309 acc: 0.7016
[Epoch 7] loss: 2.5758788429410258 acc: 0.73
[Epoch 11] loss: 1.752795278187603 acc: 0.7469
[Epoch 15] loss: 1.1689958037317867 acc: 0.7539
[Epoch 19] loss: 0.78708185305071 acc: 0.7572
[Epoch 23] loss: 0.5780493767689103 acc: 0.7565
[Epoch 27] loss: 0.45900693032271267 acc: 0.7569
[Epoch 31] loss: 0.38843336839781467 acc: 0.7613
[Epoch 35] loss: 0.3392750172544738 acc: 0.7608
[Epoch 39] loss: 0.31036300855734006 acc: 0.765
[Epoch 43] loss: 0.2790251797460534 acc: 0.7564
[Epoch 47] loss: 0.2620209229054868 acc: 0.7613
[Epoch 51] loss: 0.23358412883947116 acc: 0.7593
[Epoch 55] loss: 0.22577224028489704 acc: 0.7618
[Epoch 59] loss: 0.21666976272621574 acc: 0.7615
[Epoch 63] loss: 0.20653551649492796 acc: 0.7632
[Epoch 67] loss: 0.19102061105846807 acc: 0.7665
[Epoch 71] loss: 0.18263020092392784 acc: 0.7614
--> [train] finish
--> [test] acc: 0.7633

------------------------- [[#3 iteration]] -------------------------
############################## STABLE STATUS ##############################
+---------+----------+--------------+-------------+--------------+-------------+---------------+
|   Type  | OfFilter | FilterHeight | FilterWidth | StrideHeight | StrideWidth |      Acc      |
+---------+----------+--------------+-------------+--------------+-------------+---------------+
| current |   512    |      5       |      5      |      3       |      1      | 0.7633 (last) |
|   best  |   512    |      5       |      5      |      2       |      1      |     0.7639    |
|  worst  |   512    |      3       |      5      |      2       |      2      |     0.6731    |
+---------+----------+--------------+-------------+--------------+-------------+---------------+

--> [QTable] OfFilter (0 for Sub, 1 for Add)
+--------+----------------------+-----+
| Status |          0           |  1  |
+--------+----------------------+-----+
|  512   | 0.005059200000000007 | 0.0 |
|  480   |         0.0          | 0.0 |
+--------+----------------------+-----+
--> [QTable] FilterHeight (0 for Sub, 1 for Add)
+--------+------------------------+----------------------+
| Status |           0            |          1           |
+--------+------------------------+----------------------+
|   3    |          0.0           | 0.19471999999999998  |
|   4    |          0.0           | 0.014080000000000049 |
|   5    | -0.0034412799999999663 |         0.0          |
+--------+------------------------+----------------------+
--> [QTable] FilterWidth (0 for Sub, 1 for Add)
+--------+------------------------+-----+
| Status |           0            |  1  |
+--------+------------------------+-----+
|   5    | -0.0024576000000000285 | 0.0 |
|   4    |          0.0           | 0.0 |
+--------+------------------------+-----+
--> [QTable] StrideHeight (0 for Sub, 1 for Add)
+--------+-----+----------------------+
| Status |  0  |          1           |
+--------+-----+----------------------+
|   2    | 0.0 | 0.008137600000000002 |
|   3    | 0.0 |         0.0          |
+--------+-----+----------------------+
--> [QTable] StrideWidth (0 for Sub, 1 for Add)
+--------+-----+-----------------------+
| Status |  0  |           1           |
+--------+-----+-----------------------+
|   1    | 0.0 | -0.020476800000000014 |
|   2    | 0.0 |          0.0          |
+--------+-----+-----------------------+


------------------------- [[#3 iteration (param #0)]] -------------------------
parameter selected:  0
action:  1
+---------+----------+--------------+-------------+--------------+-------------+---------------+
|   Type  | OfFilter | FilterHeight | FilterWidth | StrideHeight | StrideWidth |      Acc      |
+---------+----------+--------------+-------------+--------------+-------------+---------------+
| current |   544    |      5       |      5      |      3       |      1      | 0.7633 (last) |
|   best  |   512    |      5       |      5      |      2       |      1      |     0.7639    |
|  worst  |   512    |      3       |      5      |      2       |      2      |     0.6731    |
+---------+----------+--------------+-------------+--------------+-------------+---------------+

--> [QTable] OfFilter (0 for Sub, 1 for Add)
+--------+----------------------+-----+
| Status |          0           |  1  |
+--------+----------------------+-----+
|  512   | 0.005059200000000007 | 0.0 |
|  480   |         0.0          | 0.0 |
+--------+----------------------+-----+
--> [QTable] FilterHeight (0 for Sub, 1 for Add)
+--------+------------------------+----------------------+
| Status |           0            |          1           |
+--------+------------------------+----------------------+
|   3    |          0.0           | 0.19471999999999998  |
|   4    |          0.0           | 0.014080000000000049 |
|   5    | -0.0034412799999999663 |         0.0          |
+--------+------------------------+----------------------+
--> [QTable] FilterWidth (0 for Sub, 1 for Add)
+--------+------------------------+-----+
| Status |           0            |  1  |
+--------+------------------------+-----+
|   5    | -0.0024576000000000285 | 0.0 |
|   4    |          0.0           | 0.0 |
+--------+------------------------+-----+
--> [QTable] StrideHeight (0 for Sub, 1 for Add)
+--------+-----+----------------------+
| Status |  0  |          1           |
+--------+-----+----------------------+
|   2    | 0.0 | 0.008137600000000002 |
|   3    | 0.0 |         0.0          |
+--------+-----+----------------------+
--> [QTable] StrideWidth (0 for Sub, 1 for Add)
+--------+-----+-----------------------+
| Status |  0  |           1           |
+--------+-----+-----------------------+
|   1    | 0.0 | -0.020476800000000014 |
|   2    | 0.0 |          0.0          |
+--------+-----+-----------------------+

--> [attention] a_t: tensor([[2.1165e-06, 9.9999e-01, 1.2814e-06, 8.4956e-07, 1.8645e-06]],
       device='cuda:0')
--> [lstm] done
--> [train] start
[Epoch 3] loss: 4.032139771734662 acc: 0.6892
[Epoch 7] loss: 2.5096178729363414 acc: 0.7403
[Epoch 11] loss: 1.6808048872767811 acc: 0.7458
[Epoch 15] loss: 1.1088205891687546 acc: 0.7508
[Epoch 19] loss: 0.740848793159894 acc: 0.7531
[Epoch 23] loss: 0.5502791075164553 acc: 0.7591
[Epoch 27] loss: 0.43328505357646424 acc: 0.7588
[Epoch 31] loss: 0.3688414584383216 acc: 0.755
[Epoch 35] loss: 0.33009185909729477 acc: 0.7668
[Epoch 39] loss: 0.2938011175693225 acc: 0.7606
[Epoch 43] loss: 0.27525025519930646 acc: 0.7549
[Epoch 47] loss: 0.24856659387717087 acc: 0.7621
[Epoch 51] loss: 0.23129772570441523 acc: 0.7582
[Epoch 55] loss: 0.22341253180199724 acc: 0.7547
[Epoch 59] loss: 0.2087751734237213 acc: 0.7556
[Epoch 63] loss: 0.2032527374651502 acc: 0.7541
[Epoch 67] loss: 0.1912456172845348 acc: 0.7559
[Epoch 71] loss: 0.18036685052001492 acc: 0.7522
--> [train] finish
--> [test] acc: 0.7574
--> [reward] reward: -0.005900000000000016

------------------------- [[#3 iteration (param #1)]] -------------------------
parameter selected:  1
action:  1
+---------+----------+--------------+-------------+--------------+-------------+---------------+
|   Type  | OfFilter | FilterHeight | FilterWidth | StrideHeight | StrideWidth |      Acc      |
+---------+----------+--------------+-------------+--------------+-------------+---------------+
| current |   512    |      6       |      5      |      3       |      1      | 0.7633 (last) |
|   best  |   512    |      5       |      5      |      2       |      1      |     0.7639    |
|  worst  |   512    |      3       |      5      |      2       |      2      |     0.6731    |
+---------+----------+--------------+-------------+--------------+-------------+---------------+

--> [QTable] OfFilter (0 for Sub, 1 for Add)
+--------+----------------------+-----------------------+
| Status |          0           |           1           |
+--------+----------------------+-----------------------+
|  512   | 0.005059200000000007 | -0.004720000000000013 |
|  480   |         0.0          |          0.0          |
|  544   |         0.0          |          0.0          |
+--------+----------------------+-----------------------+
--> [QTable] FilterHeight (0 for Sub, 1 for Add)
+--------+------------------------+----------------------+
| Status |           0            |          1           |
+--------+------------------------+----------------------+
|   3    |          0.0           | 0.19471999999999998  |
|   4    |          0.0           | 0.014080000000000049 |
|   5    | -0.0034412799999999663 |         0.0          |
+--------+------------------------+----------------------+
--> [QTable] FilterWidth (0 for Sub, 1 for Add)
+--------+------------------------+-----+
| Status |           0            |  1  |
+--------+------------------------+-----+
|   5    | -0.0024576000000000285 | 0.0 |
|   4    |          0.0           | 0.0 |
+--------+------------------------+-----+
--> [QTable] StrideHeight (0 for Sub, 1 for Add)
+--------+-----+----------------------+
| Status |  0  |          1           |
+--------+-----+----------------------+
|   2    | 0.0 | 0.008137600000000002 |
|   3    | 0.0 |         0.0          |
+--------+-----+----------------------+
--> [QTable] StrideWidth (0 for Sub, 1 for Add)
+--------+-----+-----------------------+
| Status |  0  |           1           |
+--------+-----+-----------------------+
|   1    | 0.0 | -0.020476800000000014 |
|   2    | 0.0 |          0.0          |
+--------+-----+-----------------------+

!!!!!!!!!!!!!!!!!!!!!!!!!!!!!! [[ ERROR OCCUR ]] !!!!!!!!!!!!!!!!!!!!!!!!!!!!!!
Traceback (most recent call last):
  File "main.py", line 199, in <module>
    main()
  File "main.py", line 45, in main
    iterate()
  File "main.py", line 70, in iterate
    model = train_cnn()
  File "main.py", line 140, in train_cnn
    cnn = CnnModel.from_config(3).to(device)
  File "/home/tanglizi/Code/deep/Hypersea/cnn_model.py", line 62, in from_config
    Config.stride_height, Config.stride_width)
  File "/home/tanglizi/Code/deep/Hypersea/cnn_model.py", line 50, in __init__
    nn.Linear(out_dim * height * width, 512),
  File "/usr/local/lib/python3.7/dist-packages/torch/nn/modules/linear.py", line 77, in __init__
    self.reset_parameters()
  File "/usr/local/lib/python3.7/dist-packages/torch/nn/modules/linear.py", line 80, in reset_parameters
    init.kaiming_uniform_(self.weight, a=math.sqrt(5))
  File "/usr/local/lib/python3.7/dist-packages/torch/nn/init.py", line 312, in kaiming_uniform_
    std = gain / math.sqrt(fan)
ZeroDivisionError: float division by zero

