
------------------------- [[#0 iteration]] -------------------------
############################## STABLE STATUS ##############################
+---------+----------+--------------+-------------+--------------+-------------+------------+
|   Type  | OfFilter | FilterHeight | FilterWidth | StrideHeight | StrideWidth |    Acc     |
+---------+----------+--------------+-------------+--------------+-------------+------------+
| current |   512    |      3       |      5      |      2       |      1      | 0.5 (last) |
|   best  |    0     |      0       |      0      |      0       |      0      |    0.0     |
|  worst  |    0     |      0       |      0      |      0       |      0      |    1.0     |
+---------+----------+--------------+-------------+--------------+-------------+------------+

--> [QTable] OfFilter (0 for Sub, 1 for Add)
+--------+---+---+
| Status | 0 | 1 |
+--------+---+---+
+--------+---+---+
--> [QTable] FilterHeight (0 for Sub, 1 for Add)
+--------+---+---+
| Status | 0 | 1 |
+--------+---+---+
+--------+---+---+
--> [QTable] FilterWidth (0 for Sub, 1 for Add)
+--------+---+---+
| Status | 0 | 1 |
+--------+---+---+
+--------+---+---+
--> [QTable] StrideHeight (0 for Sub, 1 for Add)
+--------+---+---+
| Status | 0 | 1 |
+--------+---+---+
+--------+---+---+
--> [QTable] StrideWidth (0 for Sub, 1 for Add)
+--------+---+---+
| Status | 0 | 1 |
+--------+---+---+
+--------+---+---+


------------------------- [[#0 iteration (param #0)]] -------------------------
parameter selected:  0
action:  1
+---------+----------+--------------+-------------+--------------+-------------+------------+
|   Type  | OfFilter | FilterHeight | FilterWidth | StrideHeight | StrideWidth |    Acc     |
+---------+----------+--------------+-------------+--------------+-------------+------------+
| current |   544    |      3       |      5      |      2       |      1      | 0.5 (last) |
|   best  |    0     |      0       |      0      |      0       |      0      |    0.0     |
|  worst  |    0     |      0       |      0      |      0       |      0      |    1.0     |
+---------+----------+--------------+-------------+--------------+-------------+------------+

--> [QTable] OfFilter (0 for Sub, 1 for Add)
+--------+-----+-----+
| Status |  0  |  1  |
+--------+-----+-----+
|  512   | 0.0 | 0.0 |
+--------+-----+-----+
--> [QTable] FilterHeight (0 for Sub, 1 for Add)
+--------+---+---+
| Status | 0 | 1 |
+--------+---+---+
+--------+---+---+
--> [QTable] FilterWidth (0 for Sub, 1 for Add)
+--------+---+---+
| Status | 0 | 1 |
+--------+---+---+
+--------+---+---+
--> [QTable] StrideHeight (0 for Sub, 1 for Add)
+--------+---+---+
| Status | 0 | 1 |
+--------+---+---+
+--------+---+---+
--> [QTable] StrideWidth (0 for Sub, 1 for Add)
+--------+---+---+
| Status | 0 | 1 |
+--------+---+---+
+--------+---+---+

--> [attention] a_t: tensor([[0.4497, 0.1601, 0.0627, 0.0758, 0.2516]], device='cuda:0')
--> [lstm] done
--> [train] start
[Epoch 0] loss: 1.5320723593387457 acc: 0.5366
--> [train] finish
--> [test] acc: 0.538
--> [reward] reward: 0.038000000000000034

------------------------- [[#0 iteration (param #1)]] -------------------------
parameter selected:  1
action:  0
+---------+----------+--------------+-------------+--------------+-------------+------------+
|   Type  | OfFilter | FilterHeight | FilterWidth | StrideHeight | StrideWidth |    Acc     |
+---------+----------+--------------+-------------+--------------+-------------+------------+
| current |   512    |      2       |      5      |      2       |      1      | 0.5 (last) |
|   best  |   544    |      3       |      5      |      2       |      1      |   0.538    |
|  worst  |   544    |      3       |      5      |      2       |      1      |   0.538    |
+---------+----------+--------------+-------------+--------------+-------------+------------+

--> [QTable] OfFilter (0 for Sub, 1 for Add)
+--------+-----+----------------------+
| Status |  0  |          1           |
+--------+-----+----------------------+
|  512   | 0.0 | 0.030400000000000028 |
|  544   | 0.0 |         0.0          |
+--------+-----+----------------------+
--> [QTable] FilterHeight (0 for Sub, 1 for Add)
+--------+-----+-----+
| Status |  0  |  1  |
+--------+-----+-----+
|   3    | 0.0 | 0.0 |
+--------+-----+-----+
--> [QTable] FilterWidth (0 for Sub, 1 for Add)
+--------+---+---+
| Status | 0 | 1 |
+--------+---+---+
+--------+---+---+
--> [QTable] StrideHeight (0 for Sub, 1 for Add)
+--------+---+---+
| Status | 0 | 1 |
+--------+---+---+
+--------+---+---+
--> [QTable] StrideWidth (0 for Sub, 1 for Add)
+--------+---+---+
| Status | 0 | 1 |
+--------+---+---+
+--------+---+---+

--> [attention] a_t: tensor([[0.4497, 0.1601, 0.0627, 0.0758, 0.2516]], device='cuda:0')
--> [lstm] done
--> [train] start
