
-------------------- [[#0 iteration]] --------------------

-------------------- [[#0 iteration (param #0)]] --------------------
parameter selected:  0
action:  1
+---------+----------+--------------+-------------+--------------+-------------+
|   Type  | ofFilter | FilterHeight | FilterWidth | StrideHeight | StrideWidth |
+---------+----------+--------------+-------------+--------------+-------------+
| current |    30    |      3       |      5      |      2       |      1      |
|   best  |    0     |      0       |      0      |      0       |      0      |
|  worst  |    0     |      0       |      0      |      0       |      0      |
+---------+----------+--------------+-------------+--------------+-------------+

--> [attention] a_t: tensor([[0.1692, 0.1941, 0.2690, 0.2775, 0.0902]], device='cuda:0')
--> [lstm] done
--> [train] start
[Epoch 0, Batch 59] loss: 2.00350794394811 acc: 0.2766
[Epoch 0, Batch 119] loss: 1.7946601867675782 acc: 0.3449
[Epoch 0, Batch 179] loss: 1.689664783080419 acc: 0.3643
[Epoch 0, Batch 239] loss: 1.6050734639167785 acc: 0.3985
[Epoch 0, Batch 299] loss: 1.620395416021347 acc: 0.4115
[Epoch 0, Batch 359] loss: 1.5562991877396901 acc: 0.4269
[Epoch 1, Batch 59] loss: 1.512277752161026 acc: 0.4485
[Epoch 1, Batch 119] loss: 1.4665423154830932 acc: 0.4509
[Epoch 1, Batch 179] loss: 1.442099885145823 acc: 0.4554
[Epoch 1, Batch 239] loss: 1.4542146702607472 acc: 0.4743
[Epoch 1, Batch 299] loss: 1.4141046663125356 acc: 0.4734
[Epoch 1, Batch 359] loss: 1.4430265108744302 acc: 0.487
[Epoch 2, Batch 59] loss: 1.3973808328310648 acc: 0.4921
[Epoch 2, Batch 119] loss: 1.352474468946457 acc: 0.4942
[Epoch 2, Batch 179] loss: 1.3445897181828816 acc: 0.509
[Epoch 2, Batch 239] loss: 1.3706012308597564 acc: 0.5005
[Epoch 2, Batch 299] loss: 1.3677356580893199 acc: 0.5038
[Epoch 2, Batch 359] loss: 1.3392552137374878 acc: 0.5122
[Epoch 3, Batch 59] loss: 1.2924619436264038 acc: 0.5133
[Epoch 3, Batch 119] loss: 1.3051525175571441 acc: 0.5245
[Epoch 3, Batch 179] loss: 1.2947153290112814 acc: 0.5231
[Epoch 3, Batch 239] loss: 1.2810151795546214 acc: 0.5401
[Epoch 3, Batch 299] loss: 1.2657319049040476 acc: 0.5283
[Epoch 3, Batch 359] loss: 1.256189090013504 acc: 0.5288
[Epoch 4, Batch 59] loss: 1.2195846368869145 acc: 0.5466
[Epoch 4, Batch 119] loss: 1.2490740974744161 acc: 0.5363
[Epoch 4, Batch 179] loss: 1.2234211226304372 acc: 0.5304
[Epoch 4, Batch 239] loss: 1.2197524855534236 acc: 0.5467
[Epoch 4, Batch 299] loss: 1.2197301864624024 acc: 0.5451
[Epoch 4, Batch 359] loss: 1.2348611096541087 acc: 0.5421
[Epoch 5, Batch 59] loss: 1.1807458996772766 acc: 0.5471
[Epoch 5, Batch 119] loss: 1.2049055496851604 acc: 0.5535
[Epoch 5, Batch 179] loss: 1.190843571225802 acc: 0.5543
[Epoch 5, Batch 239] loss: 1.193125162521998 acc: 0.5529
[Epoch 5, Batch 299] loss: 1.1833909809589387 acc: 0.5613
[Epoch 5, Batch 359] loss: 1.1757087022066117 acc: 0.5616
[Epoch 6, Batch 59] loss: 1.15647640923659 acc: 0.5562
[Epoch 6, Batch 119] loss: 1.1690130412578583 acc: 0.5596
[Epoch 6, Batch 179] loss: 1.139704422156016 acc: 0.5531
[Epoch 6, Batch 239] loss: 1.1505316307147344 acc: 0.5555
[Epoch 6, Batch 299] loss: 1.123637866973877 acc: 0.5708
[Epoch 6, Batch 359] loss: 1.1557494501272838 acc: 0.5657
[Epoch 7, Batch 59] loss: 1.1271474679311118 acc: 0.5693
[Epoch 7, Batch 119] loss: 1.133052822947502 acc: 0.5708
[Epoch 7, Batch 179] loss: 1.1131386488676072 acc: 0.5794
[Epoch 7, Batch 239] loss: 1.1172802140315374 acc: 0.5769
[Epoch 7, Batch 299] loss: 1.0899221142133078 acc: 0.5743
[Epoch 7, Batch 359] loss: 1.1084578971068064 acc: 0.5846
[Epoch 8, Batch 59] loss: 1.0596625407536824 acc: 0.5736
[Epoch 8, Batch 119] loss: 1.0827241649230321 acc: 0.5863
[Epoch 8, Batch 179] loss: 1.0842066198587417 acc: 0.5864
[Epoch 8, Batch 239] loss: 1.0898554195960364 acc: 0.5921
[Epoch 8, Batch 299] loss: 1.0986429691314696 acc: 0.5881
[Epoch 8, Batch 359] loss: 1.0889867852131525 acc: 0.5889
[Epoch 9, Batch 59] loss: 1.0513972481091818 acc: 0.5855
[Epoch 9, Batch 119] loss: 1.0116475760936736 acc: 0.5917
[Epoch 9, Batch 179] loss: 1.0665429631869 acc: 0.5905
[Epoch 9, Batch 239] loss: 1.0597155580917994 acc: 0.5934
[Epoch 9, Batch 299] loss: 1.0522251307964325 acc: 0.588
[Epoch 9, Batch 359] loss: 1.0742922931909562 acc: 0.5842
[Epoch 10, Batch 59] loss: 1.0109130014975867 acc: 0.5875
[Epoch 10, Batch 119] loss: 1.0493633449077606 acc: 0.5887
[Epoch 10, Batch 179] loss: 1.029631566007932 acc: 0.5896
[Epoch 10, Batch 239] loss: 1.0437521547079087 acc: 0.596
[Epoch 10, Batch 299] loss: 1.01833327015241 acc: 0.5985
[Epoch 10, Batch 359] loss: 1.054140136639277 acc: 0.5888
[Epoch 11, Batch 59] loss: 1.0014035910367967 acc: 0.5971
[Epoch 11, Batch 119] loss: 1.011561487118403 acc: 0.5832
[Epoch 11, Batch 179] loss: 1.0292832990487417 acc: 0.5905
[Epoch 11, Batch 239] loss: 1.011937259634336 acc: 0.5934
[Epoch 11, Batch 299] loss: 1.0056411236524583 acc: 0.6055
[Epoch 11, Batch 359] loss: 1.0223518848419189 acc: 0.5997
[Epoch 12, Batch 59] loss: 0.9653428226709366 acc: 0.6082
[Epoch 12, Batch 119] loss: 0.9646065513292948 acc: 0.5993
[Epoch 12, Batch 179] loss: 0.9842678755521774 acc: 0.6032
[Epoch 12, Batch 239] loss: 0.9895873486995697 acc: 0.6074
[Epoch 12, Batch 299] loss: 0.9976425717274348 acc: 0.5898
[Epoch 12, Batch 359] loss: 0.9941040595372518 acc: 0.6003
[Epoch 13, Batch 59] loss: 0.9439455380042394 acc: 0.6062
[Epoch 13, Batch 119] loss: 0.9802206128835678 acc: 0.6015
[Epoch 13, Batch 179] loss: 0.961027784148852 acc: 0.605
[Epoch 13, Batch 239] loss: 0.9645197073618571 acc: 0.6042
[Epoch 13, Batch 299] loss: 0.9681555877129236 acc: 0.6059
[Epoch 13, Batch 359] loss: 0.9846499919891357 acc: 0.6002
[Epoch 14, Batch 59] loss: 0.9391200423240662 acc: 0.6035
[Epoch 14, Batch 119] loss: 0.9373458941777547 acc: 0.6085
[Epoch 14, Batch 179] loss: 0.9257680684328079 acc: 0.5996
[Epoch 14, Batch 239] loss: 0.969553013642629 acc: 0.6007
[Epoch 14, Batch 299] loss: 0.946972276767095 acc: 0.6103
[Epoch 14, Batch 359] loss: 0.968185289700826 acc: 0.6078
[Epoch 15, Batch 59] loss: 0.9119028985500336 acc: 0.6079
[Epoch 15, Batch 119] loss: 0.9243606070677439 acc: 0.607
[Epoch 15, Batch 179] loss: 0.9525760918855667 acc: 0.613
[Epoch 15, Batch 239] loss: 0.9258776555458704 acc: 0.6051
[Epoch 15, Batch 299] loss: 0.9290806780258815 acc: 0.6049
[Epoch 15, Batch 359] loss: 0.9333029101292293 acc: 0.6007
[Epoch 16, Batch 59] loss: 0.9033830354611079 acc: 0.6135
[Epoch 16, Batch 119] loss: 0.8949654579162598 acc: 0.6067
[Epoch 16, Batch 179] loss: 0.918546328941981 acc: 0.6101
[Epoch 16, Batch 239] loss: 0.909508674343427 acc: 0.6078
[Epoch 16, Batch 299] loss: 0.9237780461708704 acc: 0.6036
[Epoch 16, Batch 359] loss: 0.9278487831354141 acc: 0.6104
[Epoch 17, Batch 59] loss: 0.8771526058514912 acc: 0.6086
[Epoch 17, Batch 119] loss: 0.8986500928799311 acc: 0.6146
[Epoch 17, Batch 179] loss: 0.9110247085491816 acc: 0.6125
[Epoch 17, Batch 239] loss: 0.8880422035853068 acc: 0.6131
[Epoch 17, Batch 299] loss: 0.9025372465451559 acc: 0.6047
[Epoch 17, Batch 359] loss: 0.9346756468216578 acc: 0.613
[Epoch 18, Batch 59] loss: 0.8590173612038294 acc: 0.6222
[Epoch 18, Batch 119] loss: 0.8819851825634638 acc: 0.6159
[Epoch 18, Batch 179] loss: 0.863900684316953 acc: 0.6143
[Epoch 18, Batch 239] loss: 0.8959029724200567 acc: 0.617
[Epoch 18, Batch 299] loss: 0.9022918621699015 acc: 0.6168
[Epoch 18, Batch 359] loss: 0.897442975640297 acc: 0.6203
[Epoch 19, Batch 59] loss: 0.8662630617618561 acc: 0.6185
[Epoch 19, Batch 119] loss: 0.8747859368721644 acc: 0.6158
[Epoch 19, Batch 179] loss: 0.8550386935472488 acc: 0.6149
[Epoch 19, Batch 239] loss: 0.8634810010592143 acc: 0.6152
[Epoch 19, Batch 299] loss: 0.8845549285411834 acc: 0.6135
[Epoch 19, Batch 359] loss: 0.8669219642877579 acc: 0.6156
[Epoch 20, Batch 59] loss: 0.8352786471446355 acc: 0.6237
[Epoch 20, Batch 119] loss: 0.8280271490414938 acc: 0.6169
[Epoch 20, Batch 179] loss: 0.8489403088887533 acc: 0.6153
[Epoch 20, Batch 239] loss: 0.8479688535133998 acc: 0.6095
[Epoch 20, Batch 299] loss: 0.8745002289613087 acc: 0.619
[Epoch 20, Batch 359] loss: 0.8742174645264943 acc: 0.6107
[Epoch 21, Batch 59] loss: 0.817748702565829 acc: 0.6116
[Epoch 21, Batch 119] loss: 0.8199689298868179 acc: 0.6141
[Epoch 21, Batch 179] loss: 0.8594607383012771 acc: 0.6167
[Epoch 21, Batch 239] loss: 0.8425754110018412 acc: 0.6206
[Epoch 21, Batch 299] loss: 0.8342397769292196 acc: 0.605
[Epoch 21, Batch 359] loss: 0.8607267369826634 acc: 0.6234
[Epoch 22, Batch 59] loss: 0.818938934803009 acc: 0.6252
[Epoch 22, Batch 119] loss: 0.8268800357977549 acc: 0.6135
[Epoch 22, Batch 179] loss: 0.8190098702907562 acc: 0.6232
[Epoch 22, Batch 239] loss: 0.8739234576622645 acc: 0.6151
[Epoch 22, Batch 299] loss: 0.8175632665554683 acc: 0.614
[Epoch 22, Batch 359] loss: 0.848488865296046 acc: 0.6207
[Epoch 23, Batch 59] loss: 0.7935024082660675 acc: 0.6204
[Epoch 23, Batch 119] loss: 0.7892631898323695 acc: 0.6129
[Epoch 23, Batch 179] loss: 0.8302090466022491 acc: 0.6213
[Epoch 23, Batch 239] loss: 0.8174803425868352 acc: 0.6216
[Epoch 23, Batch 299] loss: 0.8200401256481806 acc: 0.6195
[Epoch 23, Batch 359] loss: 0.8343499173720678 acc: 0.618
[Epoch 24, Batch 59] loss: 0.7765920420487722 acc: 0.6195
[Epoch 24, Batch 119] loss: 0.7867518186569213 acc: 0.614
[Epoch 24, Batch 179] loss: 0.8005026817321778 acc: 0.6246
[Epoch 24, Batch 239] loss: 0.8179606566826503 acc: 0.6224
[Epoch 24, Batch 299] loss: 0.8035295029481252 acc: 0.6181
[Epoch 24, Batch 359] loss: 0.824471041560173 acc: 0.618
[Epoch 25, Batch 59] loss: 0.7722769200801849 acc: 0.6141
[Epoch 25, Batch 119] loss: 0.7701468646526337 acc: 0.6302
[Epoch 25, Batch 179] loss: 0.7830560356378555 acc: 0.6304
[Epoch 25, Batch 239] loss: 0.815563882390658 acc: 0.6259
[Epoch 25, Batch 299] loss: 0.8206181754668553 acc: 0.6199
[Epoch 25, Batch 359] loss: 0.807911346356074 acc: 0.614
[Epoch 26, Batch 59] loss: 0.7626850922902425 acc: 0.6213
[Epoch 26, Batch 119] loss: 0.7554767856995265 acc: 0.6269
[Epoch 26, Batch 179] loss: 0.7641561537981033 acc: 0.6179
[Epoch 26, Batch 239] loss: 0.7952552219231923 acc: 0.626
[Epoch 26, Batch 299] loss: 0.7976075053215027 acc: 0.616
[Epoch 26, Batch 359] loss: 0.7982493817806244 acc: 0.6279
[Epoch 27, Batch 59] loss: 0.7571502735217412 acc: 0.6227
[Epoch 27, Batch 119] loss: 0.7654324531555176 acc: 0.624
[Epoch 27, Batch 179] loss: 0.7608975172042847 acc: 0.6258
[Epoch 27, Batch 239] loss: 0.7788553794225057 acc: 0.6244
[Epoch 27, Batch 299] loss: 0.7825235446294149 acc: 0.6211
[Epoch 27, Batch 359] loss: 0.8061647733052572 acc: 0.6251
[Epoch 28, Batch 59] loss: 0.7401721318562825 acc: 0.6182
[Epoch 28, Batch 119] loss: 0.7541877458492915 acc: 0.6099
[Epoch 28, Batch 179] loss: 0.7675236026446025 acc: 0.6226
[Epoch 28, Batch 239] loss: 0.7372202465931574 acc: 0.6178
[Epoch 28, Batch 299] loss: 0.7531636695067088 acc: 0.6233
[Epoch 28, Batch 359] loss: 0.7599559863408406 acc: 0.6198
[Epoch 29, Batch 59] loss: 0.7426129976908366 acc: 0.624
[Epoch 29, Batch 119] loss: 0.7514815638462703 acc: 0.6255
[Epoch 29, Batch 179] loss: 0.7462667753299077 acc: 0.6214
[Epoch 29, Batch 239] loss: 0.7429815073808034 acc: 0.6235
[Epoch 29, Batch 299] loss: 0.7641885449488958 acc: 0.6237
[Epoch 29, Batch 359] loss: 0.7795223305622737 acc: 0.6198
[Epoch 30, Batch 59] loss: 0.7226635793844859 acc: 0.6219
[Epoch 30, Batch 119] loss: 0.7302411079406739 acc: 0.623
[Epoch 30, Batch 179] loss: 0.735156899690628 acc: 0.6284
[Epoch 30, Batch 239] loss: 0.7466035087903341 acc: 0.6334
[Epoch 30, Batch 299] loss: 0.7400525738795598 acc: 0.6193
[Epoch 30, Batch 359] loss: 0.7506895919640859 acc: 0.6245
[Epoch 31, Batch 59] loss: 0.7162677317857742 acc: 0.6247
[Epoch 31, Batch 119] loss: 0.7231403569380442 acc: 0.6214
[Epoch 31, Batch 179] loss: 0.7157140433788299 acc: 0.617
[Epoch 31, Batch 239] loss: 0.7136856396993001 acc: 0.6258
[Epoch 31, Batch 299] loss: 0.7408640484015147 acc: 0.6205
[Epoch 31, Batch 359] loss: 0.7540416975816091 acc: 0.6253
[Epoch 32, Batch 59] loss: 0.7002861211697261 acc: 0.6232
[Epoch 32, Batch 119] loss: 0.6948175996541976 acc: 0.626
[Epoch 32, Batch 179] loss: 0.7477112899223963 acc: 0.6256
[Epoch 32, Batch 239] loss: 0.737496051688989 acc: 0.625
[Epoch 32, Batch 299] loss: 0.7392549902200699 acc: 0.6198
[Epoch 32, Batch 359] loss: 0.7343355814615885 acc: 0.6342
[Epoch 33, Batch 59] loss: 0.6960888346036275 acc: 0.6237
[Epoch 33, Batch 119] loss: 0.7130269219477972 acc: 0.6209
[Epoch 33, Batch 179] loss: 0.7305446823438009 acc: 0.6291
[Epoch 33, Batch 239] loss: 0.7134924153486888 acc: 0.6213
[Epoch 33, Batch 299] loss: 0.7116515159606933 acc: 0.6211
[Epoch 33, Batch 359] loss: 0.7175367256005605 acc: 0.6226
[Epoch 34, Batch 59] loss: 0.6822976440191268 acc: 0.619
[Epoch 34, Batch 119] loss: 0.7064538319905599 acc: 0.6228
[Epoch 34, Batch 179] loss: 0.693633438150088 acc: 0.616
[Epoch 34, Batch 239] loss: 0.703051820397377 acc: 0.6253
[Epoch 34, Batch 299] loss: 0.7022159576416016 acc: 0.6259
[Epoch 34, Batch 359] loss: 0.7290539215008418 acc: 0.629
[Epoch 35, Batch 59] loss: 0.6796228537956873 acc: 0.6178
[Epoch 35, Batch 119] loss: 0.6852752655744553 acc: 0.6206
[Epoch 35, Batch 179] loss: 0.7081435660521189 acc: 0.6295
[Epoch 35, Batch 239] loss: 0.6977856894334157 acc: 0.618
[Epoch 35, Batch 299] loss: 0.712130889793237 acc: 0.6224
[Epoch 35, Batch 359] loss: 0.7362354720632235 acc: 0.6255
[Epoch 36, Batch 59] loss: 0.6662487268447876 acc: 0.6242
[Epoch 36, Batch 119] loss: 0.6973403101166089 acc: 0.6233
[Epoch 36, Batch 179] loss: 0.6727352524797122 acc: 0.6236
[Epoch 36, Batch 239] loss: 0.6829109787940979 acc: 0.6225
[Epoch 36, Batch 299] loss: 0.7053737650314967 acc: 0.6192
[Epoch 36, Batch 359] loss: 0.7124970475832622 acc: 0.6211
[Epoch 37, Batch 59] loss: 0.6602881034215291 acc: 0.6144
[Epoch 37, Batch 119] loss: 0.6986675684650739 acc: 0.6222
[Epoch 37, Batch 179] loss: 0.6734307919939359 acc: 0.6139
[Epoch 37, Batch 239] loss: 0.7000701859593391 acc: 0.6214
[Epoch 37, Batch 299] loss: 0.6861298600832622 acc: 0.6251
[Epoch 37, Batch 359] loss: 0.6930070370435715 acc: 0.6286
[Epoch 38, Batch 59] loss: 0.6694574296474457 acc: 0.6271
[Epoch 38, Batch 119] loss: 0.6620149483283361 acc: 0.625
[Epoch 38, Batch 179] loss: 0.664943878352642 acc: 0.6249
[Epoch 38, Batch 239] loss: 0.6740455145637194 acc: 0.6167
[Epoch 38, Batch 299] loss: 0.7008965750535329 acc: 0.6209
[Epoch 38, Batch 359] loss: 0.6878491779168446 acc: 0.619
[Epoch 39, Batch 59] loss: 0.6531731913487117 acc: 0.6213
[Epoch 39, Batch 119] loss: 0.6545660977562269 acc: 0.6195
[Epoch 39, Batch 179] loss: 0.644556212425232 acc: 0.6084
[Epoch 39, Batch 239] loss: 0.6786441187063853 acc: 0.617
[Epoch 39, Batch 299] loss: 0.7086927413940429 acc: 0.6199
[Epoch 39, Batch 359] loss: 0.6677039553721745 acc: 0.6176
[Epoch 40, Batch 59] loss: 0.6490222210685412 acc: 0.6209
[Epoch 40, Batch 119] loss: 0.6626750792066256 acc: 0.6178
[Epoch 40, Batch 179] loss: 0.6632231513659159 acc: 0.6207
[Epoch 40, Batch 239] loss: 0.6768298680583636 acc: 0.6178
[Epoch 40, Batch 299] loss: 0.664788209895293 acc: 0.6252
[Epoch 40, Batch 359] loss: 0.6718374361594518 acc: 0.6276
[Epoch 41, Batch 59] loss: 0.6377295141418775 acc: 0.6255
[Epoch 41, Batch 119] loss: 0.6472591102123261 acc: 0.6155
[Epoch 41, Batch 179] loss: 0.6599347054958343 acc: 0.623
[Epoch 41, Batch 239] loss: 0.6580803245306015 acc: 0.6179
[Epoch 41, Batch 299] loss: 0.6607420394817988 acc: 0.6138
[Epoch 41, Batch 359] loss: 0.6659438451131184 acc: 0.6219
[Epoch 42, Batch 59] loss: 0.6470869511365891 acc: 0.6239
[Epoch 42, Batch 119] loss: 0.6214026535550753 acc: 0.6236
[Epoch 42, Batch 179] loss: 0.6691745057702064 acc: 0.6246
[Epoch 42, Batch 239] loss: 0.6401777292291323 acc: 0.6211
[Epoch 42, Batch 299] loss: 0.6682136173049609 acc: 0.6188
[Epoch 42, Batch 359] loss: 0.6564379687110583 acc: 0.6272
[Epoch 43, Batch 59] loss: 0.6203584730625152 acc: 0.6247
[Epoch 43, Batch 119] loss: 0.624102029701074 acc: 0.6234
[Epoch 43, Batch 179] loss: 0.6355726892749468 acc: 0.6227
[Epoch 43, Batch 239] loss: 0.6588236664732298 acc: 0.617
[Epoch 43, Batch 299] loss: 0.6482609316706658 acc: 0.6196
[Epoch 43, Batch 359] loss: 0.6406990254918734 acc: 0.617
[Epoch 44, Batch 59] loss: 0.6270373642444611 acc: 0.617
[Epoch 44, Batch 119] loss: 0.6115990112225215 acc: 0.6198
[Epoch 44, Batch 179] loss: 0.647246079146862 acc: 0.6236
[Epoch 44, Batch 239] loss: 0.6121994197368622 acc: 0.6212
[Epoch 44, Batch 299] loss: 0.6424645846088727 acc: 0.6266
[Epoch 44, Batch 359] loss: 0.6507515092690785 acc: 0.6233
[Epoch 45, Batch 59] loss: 0.6000561868151029 acc: 0.6239
[Epoch 45, Batch 119] loss: 0.6321029449502628 acc: 0.6212
[Epoch 45, Batch 179] loss: 0.6467930103341738 acc: 0.625
[Epoch 45, Batch 239] loss: 0.6337902347246805 acc: 0.6214
[Epoch 45, Batch 299] loss: 0.6258351524670919 acc: 0.6282
[Epoch 45, Batch 359] loss: 0.6403393864631652 acc: 0.6215
[Epoch 46, Batch 59] loss: 0.6002552966276805 acc: 0.6233
[Epoch 46, Batch 119] loss: 0.614954648911953 acc: 0.6209
[Epoch 46, Batch 179] loss: 0.6387888426582019 acc: 0.6247
[Epoch 46, Batch 239] loss: 0.6284512524803479 acc: 0.6206
[Epoch 46, Batch 299] loss: 0.6330798814694086 acc: 0.6261
[Epoch 46, Batch 359] loss: 0.6245314096411069 acc: 0.6199
[Epoch 47, Batch 59] loss: 0.6222440610329311 acc: 0.6249
[Epoch 47, Batch 119] loss: 0.6109456469615301 acc: 0.6252
[Epoch 47, Batch 179] loss: 0.6165887286265691 acc: 0.6245
[Epoch 47, Batch 239] loss: 0.6373275175690651 acc: 0.6194
[Epoch 47, Batch 299] loss: 0.6080609525243441 acc: 0.6192
[Epoch 47, Batch 359] loss: 0.625763381520907 acc: 0.6263
[Epoch 48, Batch 59] loss: 0.606302406390508 acc: 0.6328
[Epoch 48, Batch 119] loss: 0.6264409929513931 acc: 0.6229
[Epoch 48, Batch 179] loss: 0.5982549572984378 acc: 0.6225
[Epoch 48, Batch 239] loss: 0.61898376395305 acc: 0.6232
[Epoch 48, Batch 299] loss: 0.6360802292823792 acc: 0.6217
[Epoch 48, Batch 359] loss: 0.6210526511073112 acc: 0.6252
[Epoch 49, Batch 59] loss: 0.6125780001282692 acc: 0.6188
[Epoch 49, Batch 119] loss: 0.5954547191659609 acc: 0.6194
[Epoch 49, Batch 179] loss: 0.6012644251187642 acc: 0.6184
[Epoch 49, Batch 239] loss: 0.6235405484835307 acc: 0.6262
[Epoch 49, Batch 299] loss: 0.6073919986685117 acc: 0.6262
[Epoch 49, Batch 359] loss: 0.6337707430124283 acc: 0.6246
--> [train] finish
--> [test] acc: 0.6213
--> [reward] reward: 0.12129999999999996

-------------------- [[#0 iteration (param #1)]] --------------------
parameter selected:  1
action:  1
+---------+----------+--------------+-------------+--------------+-------------+
|   Type  | ofFilter | FilterHeight | FilterWidth | StrideHeight | StrideWidth |
+---------+----------+--------------+-------------+--------------+-------------+
| current |    10    |      4       |      5      |      2       |      1      |
|   best  |    0     |      0       |      0      |      0       |      0      |
|  worst  |    0     |      0       |      0      |      0       |      0      |
+---------+----------+--------------+-------------+--------------+-------------+

--> [attention] a_t: tensor([[0.2009, 0.2326, 0.2530, 0.1910, 0.1225]], device='cuda:0')
--> [lstm] done
--> [train] start
[Epoch 0, Batch 59] loss: 2.0519440174102783 acc: 0.2556
[Epoch 0, Batch 119] loss: 1.8586630403995514 acc: 0.2983
[Epoch 0, Batch 179] loss: 1.7680196662743886 acc: 0.326
[Epoch 0, Batch 239] loss: 1.7060605943202973 acc: 0.3588
[Epoch 0, Batch 299] loss: 1.6607605357964834 acc: 0.3602
[Epoch 0, Batch 359] loss: 1.6505139867464702 acc: 0.3757
[Epoch 1, Batch 59] loss: 1.5846672534942627 acc: 0.3933
[Epoch 1, Batch 119] loss: 1.5884880721569061 acc: 0.4074
[Epoch 1, Batch 179] loss: 1.539622527360916 acc: 0.4265
[Epoch 1, Batch 239] loss: 1.5386297464370728 acc: 0.4222
[Epoch 1, Batch 299] loss: 1.5246280491352082 acc: 0.4296
[Epoch 1, Batch 359] loss: 1.5079553325970967 acc: 0.4465
[Epoch 2, Batch 59] loss: 1.461625345547994 acc: 0.4313
[Epoch 2, Batch 119] loss: 1.4564512888590495 acc: 0.4428
[Epoch 2, Batch 179] loss: 1.4690107107162476 acc: 0.445
[Epoch 2, Batch 239] loss: 1.4547862450281779 acc: 0.4545
[Epoch 2, Batch 299] loss: 1.4368524690469107 acc: 0.4527
[Epoch 2, Batch 359] loss: 1.4472529848416646 acc: 0.4548
[Epoch 3, Batch 59] loss: 1.4106044173240662 acc: 0.4612
[Epoch 3, Batch 119] loss: 1.3696948270003 acc: 0.4589
[Epoch 3, Batch 179] loss: 1.4105060895284016 acc: 0.4765
[Epoch 3, Batch 239] loss: 1.3983517467975617 acc: 0.4781
[Epoch 3, Batch 299] loss: 1.3738379339377085 acc: 0.4695
[Epoch 3, Batch 359] loss: 1.410514267285665 acc: 0.488
[Epoch 4, Batch 59] loss: 1.3385330080986022 acc: 0.4821
[Epoch 4, Batch 119] loss: 1.353500368197759 acc: 0.4896
[Epoch 4, Batch 179] loss: 1.3473559002081552 acc: 0.4948
[Epoch 4, Batch 239] loss: 1.3532567143440246 acc: 0.4926
[Epoch 4, Batch 299] loss: 1.3466567277908326 acc: 0.5017
[Epoch 4, Batch 359] loss: 1.3394080678621927 acc: 0.4891
[Epoch 5, Batch 59] loss: 1.3026131908098857 acc: 0.5006
[Epoch 5, Batch 119] loss: 1.3254342059294382 acc: 0.4953
[Epoch 5, Batch 179] loss: 1.3074918369452158 acc: 0.5008
[Epoch 5, Batch 239] loss: 1.306904528538386 acc: 0.5057
[Epoch 5, Batch 299] loss: 1.313630578915278 acc: 0.503
[Epoch 5, Batch 359] loss: 1.2774520635604858 acc: 0.5058
[Epoch 6, Batch 59] loss: 1.2823265274365743 acc: 0.5053
[Epoch 6, Batch 119] loss: 1.2772219717502593 acc: 0.5168
[Epoch 6, Batch 179] loss: 1.2693005740642547 acc: 0.5131
